Using pre-set license
Built from '2020.2/staging' branch; Version is '2020.2.6f1 (8a2143876886) revision 9052483'; Using compiler version '192528614'; Build Type 'Release'
OS: 'Windows 10 Home; OS build 19042.804; Version 2009; 64bit' Language: 'nl' Physical Memory: 16334 MB
BatchMode: 1, IsHumanControllingUs: 0, StartBugReporterOnCrash: 0, Is64bit: 1, IsPro: 0

 COMMAND LINE ARGUMENTS:
C:\Program Files\Unity\Hub\Editor\2020.2.6f1\Editor\Unity.exe
-adb2
-batchMode
-noUpm
-name
AssetImportWorker0
-projectPath
C:/Users/xdove/Desktop/Food-Chain-project
-logFile
Logs/AssetImportWorker0.log
-srvPort
50294
Successfully changed project path to: C:/Users/xdove/Desktop/Food-Chain-project
C:/Users/xdove/Desktop/Food-Chain-project
Using Asset Import Pipeline V2.
Refreshing native plugins compatible for Editor in 37.90 ms, found 0 plugins.
Preloading 0 native plugins for Editor in 0.00 ms.
Initialize engine version: 2020.2.6f1 (8a2143876886)
[Subsystems] Discovering subsystems at path C:/Program Files/Unity/Hub/Editor/2020.2.6f1/Editor/Data/Resources/UnitySubsystems
[Subsystems] Discovering subsystems at path C:/Users/xdove/Desktop/Food-Chain-project/Assets
GfxDevice: creating device client; threaded=0
Direct3D:
    Version:  Direct3D 11.0 [level 11.1]
    Renderer: NVIDIA GeForce GTX 1060 6GB (ID=0x1c03)
    Vendor:   
    VRAM:     6052 MB
    Driver:   27.21.14.6140
Shader 'Universal Render Pipeline/Particles/Lit': fallback shader 'Universal Render Pipeline/Particles/SimpleLit' not found
Initialize mono
Mono path[0] = 'C:/Program Files/Unity/Hub/Editor/2020.2.6f1/Editor/Data/Managed'
Mono path[1] = 'C:/Program Files/Unity/Hub/Editor/2020.2.6f1/Editor/Data/MonoBleedingEdge/lib/mono/unityjit'
Mono config path = 'C:/Program Files/Unity/Hub/Editor/2020.2.6f1/Editor/Data/MonoBleedingEdge/etc'
Using monoOptions --debugger-agent=transport=dt_socket,embedding=1,server=y,suspend=n,address=127.0.0.1:56116
Begin MonoManager ReloadAssembly
Registering precompiled unity dll's ...
Register platform support module: C:/Program Files/Unity/Hub/Editor/2020.2.6f1/Editor/Data/PlaybackEngines/WindowsStandaloneSupport/UnityEditor.WindowsStandalone.Extensions.dll
Registered in 0.001483 seconds.
Native extension for WindowsStandalone target not found
Refreshing native plugins compatible for Editor in 39.37 ms, found 0 plugins.
Preloading 0 native plugins for Editor in 0.00 ms.
Invoked RoslynAnalysisRunner static constructor.
RoslynAnalysisRunner will not be running.
RoslynAnalysisRunner has terminated.
Mono: successfully reloaded assembly
- Completed reload, in  0.816 seconds
Platform modules already initialized, skipping
Registering precompiled user dll's ...
Registered in 0.001216 seconds.
Begin MonoManager ReloadAssembly
Native extension for WindowsStandalone target not found
Refreshing native plugins compatible for Editor in 40.78 ms, found 0 plugins.
Preloading 0 native plugins for Editor in 0.00 ms.
Invoked RoslynAnalysisRunner static constructor.
RoslynAnalysisRunner will not be running.
RoslynAnalysisRunner has terminated.
Mono: successfully reloaded assembly
- Completed reload, in  0.743 seconds
Platform modules already initialized, skipping
========================================================================
Worker process is ready to serve import requests
Shader 'Universal Render Pipeline/Particles/Lit': fallback shader 'Universal Render Pipeline/Particles/SimpleLit' not found
Launched and connected shader compiler UnityShaderCompiler.exe after 0.04 seconds
Refreshing native plugins compatible for Editor in 0.41 ms, found 0 plugins.
Preloading 0 native plugins for Editor in 0.00 ms.
Unloading 2592 Unused Serialized files (Serialized files now loaded: 0)
System memory in use before: 136.8 MB.
System memory in use after: 137.0 MB.

Unloading 13 unused Assets to reduce memory usage. Loaded Objects now: 3061.
Total: 2.033300 ms (FindLiveObjects: 0.259700 ms CreateObjectMapping: 0.074800 ms MarkObjects: 1.676900 ms  DeleteObjects: 0.021100 ms)

========================================================================
Received Import Request.
  path: Assets/Models/TestRoomm.obj
  artifactKey: Guid(02e1705a80b80f24da8106596a7dcd02) Importer(815301076,1909f56bfc062723c751e8b465ee728b)
Start importing Assets/Models/TestRoomm.obj using Guid(02e1705a80b80f24da8106596a7dcd02) Importer(815301076,1909f56bfc062723c751e8b465ee728b)  -> (artifact id: 'cfdb8508c00450b299f63dae6623995e') in 0.396457 seconds
  Import took 0.400031 seconds .

========================================================================
Received Import Request.
  Time since last request: 8.645339 seconds.
  path: Assets/Sprites/Test_Sheet.png
  artifactKey: Guid(4b86fa7937ca2ee438f85cbeef282b42) Importer(815301076,1909f56bfc062723c751e8b465ee728b)
Start importing Assets/Sprites/Test_Sheet.png using Guid(4b86fa7937ca2ee438f85cbeef282b42) Importer(815301076,1909f56bfc062723c751e8b465ee728b)  -> (artifact id: 'd3412dd3513cf4fec28361553373af98') in 0.017035 seconds
  Import took 0.020576 seconds .

========================================================================
Received Import Request.
  Time since last request: 0.027225 seconds.
  path: Assets/Sprites/Test_Sheet.png
  artifactKey: Guid(4b86fa7937ca2ee438f85cbeef282b42) Importer(815301076,1909f56bfc062723c751e8b465ee728b)
Start importing Assets/Sprites/Test_Sheet.png using Guid(4b86fa7937ca2ee438f85cbeef282b42) Importer(815301076,1909f56bfc062723c751e8b465ee728b)  -> (artifact id: 'd3412dd3513cf4fec28361553373af98') in 0.005516 seconds
  Import took 0.009075 seconds .

========================================================================
Received Import Request.
  Time since last request: 9.865018 seconds.
  path: Assets/Sprites/Test_Sheet.png
  artifactKey: Guid(4b86fa7937ca2ee438f85cbeef282b42) Importer(815301076,1909f56bfc062723c751e8b465ee728b)
Start importing Assets/Sprites/Test_Sheet.png using Guid(4b86fa7937ca2ee438f85cbeef282b42) Importer(815301076,1909f56bfc062723c751e8b465ee728b)  -> (artifact id: '976a68e3328c4b0890b04c165ca2ec17') in 0.018482 seconds
  Import took 0.022182 seconds .

========================================================================
Received Import Request.
  Time since last request: 27.048354 seconds.
  path: Assets/RoomMat.mat
  artifactKey: Guid(2b7ddc0dc9b94734880116d2fca28c47) Importer(815301076,1909f56bfc062723c751e8b465ee728b)
Start importing Assets/RoomMat.mat using Guid(2b7ddc0dc9b94734880116d2fca28c47) Importer(815301076,1909f56bfc062723c751e8b465ee728b)  -> (artifact id: '9c8128b1df1f5a1bcf52120327018f1e') in 0.017348 seconds
  Import took 0.020967 seconds .

========================================================================
Received Prepare
Registering precompiled user dll's ...
Registered in 0.001032 seconds.
Begin MonoManager ReloadAssembly
Native extension for WindowsStandalone target not found
Refreshing native plugins compatible for Editor in 0.43 ms, found 0 plugins.
Preloading 0 native plugins for Editor in 0.00 ms.
Invoked RoslynAnalysisRunner static constructor.
RoslynAnalysisRunner will not be running.
RoslynAnalysisRunner has terminated.
Mono: successfully reloaded assembly
- Completed reload, in  0.755 seconds
Platform modules already initialized, skipping
Shader 'Universal Render Pipeline/Particles/Lit': fallback shader 'Universal Render Pipeline/Particles/SimpleLit' not found
Refreshing native plugins compatible for Editor in 0.42 ms, found 0 plugins.
Preloading 0 native plugins for Editor in 0.00 ms.
Unloading 2481 Unused Serialized files (Serialized files now loaded: 0)
System memory in use before: 136.5 MB.
System memory in use after: 136.7 MB.

Unloading 5 unused Assets to reduce memory usage. Loaded Objects now: 3148.
Total: 2.116200 ms (FindLiveObjects: 0.288500 ms CreateObjectMapping: 0.067900 ms MarkObjects: 1.740000 ms  DeleteObjects: 0.018500 ms)

========================================================================
Received Prepare
Registering precompiled user dll's ...
Registered in 0.001105 seconds.
Begin MonoManager ReloadAssembly
Native extension for WindowsStandalone target not found
Refreshing native plugins compatible for Editor in 0.41 ms, found 0 plugins.
Preloading 0 native plugins for Editor in 0.00 ms.
Invoked RoslynAnalysisRunner static constructor.
RoslynAnalysisRunner will not be running.
RoslynAnalysisRunner has terminated.
Mono: successfully reloaded assembly
- Completed reload, in  0.717 seconds
Platform modules already initialized, skipping
Shader 'Universal Render Pipeline/Particles/Lit': fallback shader 'Universal Render Pipeline/Particles/SimpleLit' not found
Refreshing native plugins compatible for Editor in 0.40 ms, found 0 plugins.
Preloading 0 native plugins for Editor in 0.00 ms.
Unloading 2481 Unused Serialized files (Serialized files now loaded: 0)
System memory in use before: 136.5 MB.
System memory in use after: 136.8 MB.

Unloading 5 unused Assets to reduce memory usage. Loaded Objects now: 3150.
Total: 2.138200 ms (FindLiveObjects: 0.276100 ms CreateObjectMapping: 0.118800 ms MarkObjects: 1.726200 ms  DeleteObjects: 0.015600 ms)

========================================================================
Received Prepare
Registering precompiled user dll's ...
Registered in 0.001020 seconds.
Begin MonoManager ReloadAssembly
Native extension for WindowsStandalone target not found
Refreshing native plugins compatible for Editor in 0.40 ms, found 0 plugins.
Preloading 0 native plugins for Editor in 0.00 ms.
Invoked RoslynAnalysisRunner static constructor.
RoslynAnalysisRunner will not be running.
RoslynAnalysisRunner has terminated.
Mono: successfully reloaded assembly
- Completed reload, in  0.720 seconds
Platform modules already initialized, skipping
Shader 'Universal Render Pipeline/Particles/Lit': fallback shader 'Universal Render Pipeline/Particles/SimpleLit' not found
Refreshing native plugins compatible for Editor in 0.40 ms, found 0 plugins.
Preloading 0 native plugins for Editor in 0.00 ms.
Unloading 2481 Unused Serialized files (Serialized files now loaded: 0)
System memory in use before: 136.6 MB.
System memory in use after: 136.8 MB.

Unloading 5 unused Assets to reduce memory usage. Loaded Objects now: 3152.
Total: 2.339200 ms (FindLiveObjects: 0.347000 ms CreateObjectMapping: 0.070000 ms MarkObjects: 1.903000 ms  DeleteObjects: 0.018100 ms)

========================================================================
Received Prepare
Registering precompiled user dll's ...
Registered in 0.001193 seconds.
Begin MonoManager ReloadAssembly
Native extension for WindowsStandalone target not found
Refreshing native plugins compatible for Editor in 0.63 ms, found 0 plugins.
Preloading 0 native plugins for Editor in 0.00 ms.
Invoked RoslynAnalysisRunner static constructor.
RoslynAnalysisRunner will not be running.
RoslynAnalysisRunner has terminated.
Mono: successfully reloaded assembly
- Completed reload, in  0.774 seconds
Platform modules already initialized, skipping
Shader 'Universal Render Pipeline/Particles/Lit': fallback shader 'Universal Render Pipeline/Particles/SimpleLit' not found
Refreshing native plugins compatible for Editor in 0.40 ms, found 0 plugins.
Preloading 0 native plugins for Editor in 0.00 ms.
Unloading 2481 Unused Serialized files (Serialized files now loaded: 0)
System memory in use before: 136.6 MB.
System memory in use after: 136.8 MB.

Unloading 5 unused Assets to reduce memory usage. Loaded Objects now: 3154.
Total: 2.841400 ms (FindLiveObjects: 0.343700 ms CreateObjectMapping: 0.065500 ms MarkObjects: 2.410500 ms  DeleteObjects: 0.020300 ms)

========================================================================
Received Prepare
Registering precompiled user dll's ...
Registered in 0.000988 seconds.
Begin MonoManager ReloadAssembly
Native extension for WindowsStandalone target not found
Refreshing native plugins compatible for Editor in 0.39 ms, found 0 plugins.
Preloading 0 native plugins for Editor in 0.00 ms.
Invoked RoslynAnalysisRunner static constructor.
RoslynAnalysisRunner will not be running.
RoslynAnalysisRunner has terminated.
Mono: successfully reloaded assembly
- Completed reload, in  0.711 seconds
Platform modules already initialized, skipping
Shader 'Universal Render Pipeline/Particles/Lit': fallback shader 'Universal Render Pipeline/Particles/SimpleLit' not found
Refreshing native plugins compatible for Editor in 0.41 ms, found 0 plugins.
Preloading 0 native plugins for Editor in 0.00 ms.
Unloading 2481 Unused Serialized files (Serialized files now loaded: 0)
System memory in use before: 136.5 MB.
System memory in use after: 136.7 MB.

Unloading 5 unused Assets to reduce memory usage. Loaded Objects now: 3156.
Total: 2.048900 ms (FindLiveObjects: 0.266800 ms CreateObjectMapping: 0.075600 ms MarkObjects: 1.692100 ms  DeleteObjects: 0.013400 ms)

========================================================================
Received Import Request.
  Time since last request: 5296.793538 seconds.
  path: Assets/Test_equipment.png
  artifactKey: Guid(07b558544cc0cbd4ca3c706d849212b8) Importer(815301076,1909f56bfc062723c751e8b465ee728b)
Start importing Assets/Test_equipment.png using Guid(07b558544cc0cbd4ca3c706d849212b8) Importer(815301076,1909f56bfc062723c751e8b465ee728b)  -> (artifact id: '34fbc7f1fe868bd62529894bb94e096b') in 0.043317 seconds
  Import took 0.047930 seconds .

========================================================================
Received Import Request.
  Time since last request: 0.016258 seconds.
  path: Assets/Test_equipment.png
  artifactKey: Guid(07b558544cc0cbd4ca3c706d849212b8) Importer(815301076,1909f56bfc062723c751e8b465ee728b)
Start importing Assets/Test_equipment.png using Guid(07b558544cc0cbd4ca3c706d849212b8) Importer(815301076,1909f56bfc062723c751e8b465ee728b)  -> (artifact id: '34fbc7f1fe868bd62529894bb94e096b') in 0.004930 seconds
  Import took 0.008645 seconds .

========================================================================
Received Import Request.
  Time since last request: 44.651772 seconds.
  path: Assets/Models/Test_helmet.obj
  artifactKey: Guid(a9ec398a0a5fe5e47860f5eb6f9dd449) Importer(815301076,1909f56bfc062723c751e8b465ee728b)
Start importing Assets/Models/Test_helmet.obj using Guid(a9ec398a0a5fe5e47860f5eb6f9dd449) Importer(815301076,1909f56bfc062723c751e8b465ee728b)  -> (artifact id: '55201b868f8fc7dc0d75ab8b4fe2db4d') in 0.128981 seconds
  Import took 0.133048 seconds .

========================================================================
Received Import Request.
  Time since last request: 53.838539 seconds.
  path: Assets/RoomMat.mat
  artifactKey: Guid(2b7ddc0dc9b94734880116d2fca28c47) Importer(815301076,1909f56bfc062723c751e8b465ee728b)
Start importing Assets/RoomMat.mat using Guid(2b7ddc0dc9b94734880116d2fca28c47) Importer(815301076,1909f56bfc062723c751e8b465ee728b)  -> (artifact id: 'fdb346adc321a9a703b8a8eb55fdeefe') in 0.014791 seconds
  Import took 0.018617 seconds .

========================================================================
Received Import Request.
  Time since last request: 28.155966 seconds.
  path: Assets/Test_equipment.png
  artifactKey: Guid(07b558544cc0cbd4ca3c706d849212b8) Importer(815301076,1909f56bfc062723c751e8b465ee728b)
Start importing Assets/Test_equipment.png using Guid(07b558544cc0cbd4ca3c706d849212b8) Importer(815301076,1909f56bfc062723c751e8b465ee728b)  -> (artifact id: '9243fd18b966d7a38a7d28ad5d6b8434') in 0.017622 seconds
  Import took 0.021535 seconds .

========================================================================
Received Prepare
Registering precompiled user dll's ...
Registered in 0.001187 seconds.
Begin MonoManager ReloadAssembly
Native extension for WindowsStandalone target not found
Refreshing native plugins compatible for Editor in 0.43 ms, found 0 plugins.
Preloading 0 native plugins for Editor in 0.00 ms.
Invoked RoslynAnalysisRunner static constructor.
RoslynAnalysisRunner will not be running.
RoslynAnalysisRunner has terminated.
Mono: successfully reloaded assembly
- Completed reload, in  0.745 seconds
Platform modules already initialized, skipping
Shader 'Universal Render Pipeline/Particles/Lit': fallback shader 'Universal Render Pipeline/Particles/SimpleLit' not found
Refreshing native plugins compatible for Editor in 0.40 ms, found 0 plugins.
Preloading 0 native plugins for Editor in 0.00 ms.
Unloading 2481 Unused Serialized files (Serialized files now loaded: 0)
System memory in use before: 136.7 MB.
System memory in use after: 137.0 MB.

Unloading 5 unused Assets to reduce memory usage. Loaded Objects now: 3196.
Total: 1.998100 ms (FindLiveObjects: 0.290500 ms CreateObjectMapping: 0.070800 ms MarkObjects: 1.621200 ms  DeleteObjects: 0.014700 ms)

AssetImportWorkerClient::OnTransportError - code=2 error=End of file
