Using pre-set license
Built from '2020.2/staging' branch; Version is '2020.2.6f1 (8a2143876886) revision 9052483'; Using compiler version '192528614'; Build Type 'Release'
OS: 'Windows 10 Home; OS build 19042.867; Version 2009; 64bit' Language: 'nl' Physical Memory: 16334 MB
BatchMode: 1, IsHumanControllingUs: 0, StartBugReporterOnCrash: 0, Is64bit: 1, IsPro: 0

 COMMAND LINE ARGUMENTS:
C:\Program Files\Unity\Hub\Editor\2020.2.6f1\Editor\Unity.exe
-adb2
-batchMode
-noUpm
-name
AssetImportWorker1
-projectPath
C:/Users/xdove/Desktop/Food-Chain-project
-logFile
Logs/AssetImportWorker1.log
-srvPort
56756
Successfully changed project path to: C:/Users/xdove/Desktop/Food-Chain-project
C:/Users/xdove/Desktop/Food-Chain-project
Using Asset Import Pipeline V2.
Refreshing native plugins compatible for Editor in 44.09 ms, found 0 plugins.
Preloading 0 native plugins for Editor in 0.00 ms.
Initialize engine version: 2020.2.6f1 (8a2143876886)
[Subsystems] Discovering subsystems at path C:/Program Files/Unity/Hub/Editor/2020.2.6f1/Editor/Data/Resources/UnitySubsystems
[Subsystems] Discovering subsystems at path C:/Users/xdove/Desktop/Food-Chain-project/Assets
GfxDevice: creating device client; threaded=0
Direct3D:
    Version:  Direct3D 11.0 [level 11.1]
    Renderer: NVIDIA GeForce GTX 1060 6GB (ID=0x1c03)
    Vendor:   
    VRAM:     6052 MB
    Driver:   27.21.14.6140
Shader 'Universal Render Pipeline/Particles/Lit': fallback shader 'Universal Render Pipeline/Particles/SimpleLit' not found
Initialize mono
Mono path[0] = 'C:/Program Files/Unity/Hub/Editor/2020.2.6f1/Editor/Data/Managed'
Mono path[1] = 'C:/Program Files/Unity/Hub/Editor/2020.2.6f1/Editor/Data/MonoBleedingEdge/lib/mono/unityjit'
Mono config path = 'C:/Program Files/Unity/Hub/Editor/2020.2.6f1/Editor/Data/MonoBleedingEdge/etc'
Using monoOptions --debugger-agent=transport=dt_socket,embedding=1,server=y,suspend=n,address=127.0.0.1:56176
Begin MonoManager ReloadAssembly
Registering precompiled unity dll's ...
Register platform support module: C:/Program Files/Unity/Hub/Editor/2020.2.6f1/Editor/Data/PlaybackEngines/WindowsStandaloneSupport/UnityEditor.WindowsStandalone.Extensions.dll
Registered in 0.001516 seconds.
Native extension for WindowsStandalone target not found
Refreshing native plugins compatible for Editor in 42.72 ms, found 0 plugins.
Preloading 0 native plugins for Editor in 0.00 ms.
Invoked RoslynAnalysisRunner static constructor.
RoslynAnalysisRunner will not be running.
RoslynAnalysisRunner has terminated.
Mono: successfully reloaded assembly
- Completed reload, in  1.195 seconds
Platform modules already initialized, skipping
Registering precompiled user dll's ...
Registered in 0.002842 seconds.
Begin MonoManager ReloadAssembly
Native extension for WindowsStandalone target not found
Refreshing native plugins compatible for Editor in 43.78 ms, found 0 plugins.
Preloading 0 native plugins for Editor in 0.00 ms.
Invoked RoslynAnalysisRunner static constructor.
RoslynAnalysisRunner will not be running.
RoslynAnalysisRunner has terminated.
Mono: successfully reloaded assembly
- Completed reload, in  0.776 seconds
Platform modules already initialized, skipping
========================================================================
Worker process is ready to serve import requests
Shader 'Universal Render Pipeline/Particles/Lit': fallback shader 'Universal Render Pipeline/Particles/SimpleLit' not found
Launched and connected shader compiler UnityShaderCompiler.exe after 0.03 seconds
Refreshing native plugins compatible for Editor in 0.51 ms, found 0 plugins.
Preloading 0 native plugins for Editor in 0.00 ms.
Unloading 2637 Unused Serialized files (Serialized files now loaded: 0)
System memory in use before: 141.0 MB.
System memory in use after: 141.2 MB.

Unloading 19 unused Assets to reduce memory usage. Loaded Objects now: 3115.
Total: 1.870200 ms (FindLiveObjects: 0.273000 ms CreateObjectMapping: 0.072300 ms MarkObjects: 1.502400 ms  DeleteObjects: 0.021500 ms)

========================================================================
Received Import Request.
  path: Assets/FOOD-CHAIN/Scripts/Movement.cs
  artifactKey: Guid(3286969c5df8a1e4bb64bc92ea46495e) Importer(815301076,1909f56bfc062723c751e8b465ee728b)
Start importing Assets/FOOD-CHAIN/Scripts/Movement.cs using Guid(3286969c5df8a1e4bb64bc92ea46495e) Importer(815301076,1909f56bfc062723c751e8b465ee728b)  -> (artifact id: '8eff81b3731d86381bf159daf4356d70') in 0.020221 seconds
  Import took 0.024269 seconds .

========================================================================
Received Import Request.
  Time since last request: 0.000134 seconds.
  path: Assets/FOOD-CHAIN/Scripts/AnimationManager.cs
  artifactKey: Guid(f9c8c358d94b24a4fbd8ce20af91d7a8) Importer(815301076,1909f56bfc062723c751e8b465ee728b)
Start importing Assets/FOOD-CHAIN/Scripts/AnimationManager.cs using Guid(f9c8c358d94b24a4fbd8ce20af91d7a8) Importer(815301076,1909f56bfc062723c751e8b465ee728b)  -> (artifact id: '5e3dcc073c9ee0b1ed58c8c63080983f') in 0.005201 seconds
  Import took 0.008468 seconds .

========================================================================
Received Import Request.
  Time since last request: 1.555067 seconds.
  path: Assets/FOOD-CHAIN/Scripts/LevelGenerator.cs
  artifactKey: Guid(3309d4d5277732049a7a2665785f6ab5) Importer(815301076,1909f56bfc062723c751e8b465ee728b)
Start importing Assets/FOOD-CHAIN/Scripts/LevelGenerator.cs using Guid(3309d4d5277732049a7a2665785f6ab5) Importer(815301076,1909f56bfc062723c751e8b465ee728b)  -> (artifact id: 'c4dab5dd91023c0a4bb758fa43db7b62') in 0.006296 seconds
  Import took 0.011105 seconds .

========================================================================
Received Import Request.
  Time since last request: 1.265371 seconds.
  path: Assets/FOOD-CHAIN/Scripts/WeaponManager.cs
  artifactKey: Guid(39aedf3d831939e4e91a451af0310d56) Importer(815301076,1909f56bfc062723c751e8b465ee728b)
Start importing Assets/FOOD-CHAIN/Scripts/WeaponManager.cs using Guid(39aedf3d831939e4e91a451af0310d56) Importer(815301076,1909f56bfc062723c751e8b465ee728b)  -> (artifact id: '996f42fae347ab540ca71750e88239a6') in 0.006758 seconds
  Import took 0.011062 seconds .

========================================================================
Received Import Request.
  Time since last request: 0.001117 seconds.
  path: Assets/FOOD-CHAIN/Scripts/WeaponManager.cs
  artifactKey: Guid(39aedf3d831939e4e91a451af0310d56) Importer(815301076,1909f56bfc062723c751e8b465ee728b)
Start importing Assets/FOOD-CHAIN/Scripts/WeaponManager.cs using Guid(39aedf3d831939e4e91a451af0310d56) Importer(815301076,1909f56bfc062723c751e8b465ee728b)  -> (artifact id: '996f42fae347ab540ca71750e88239a6') in 0.002419 seconds
  Import took 0.005867 seconds .

========================================================================
Received Import Request.
  Time since last request: 2.840387 seconds.
  path: Assets/FOOD-CHAIN/Sprites/Player_animations-Sheet.png
  artifactKey: Guid(ff3fa4db34d53984ab6a74b20becd29d) Importer(815301076,1909f56bfc062723c751e8b465ee728b)
Start importing Assets/FOOD-CHAIN/Sprites/Player_animations-Sheet.png using Guid(ff3fa4db34d53984ab6a74b20becd29d) Importer(815301076,1909f56bfc062723c751e8b465ee728b)  -> (artifact id: 'f50fbb3214caa1c816f96dfae47db561') in 0.070925 seconds
  Import took 0.075588 seconds .

========================================================================
Received Prepare
Registering precompiled user dll's ...
Registered in 0.002971 seconds.
Begin MonoManager ReloadAssembly
Native extension for WindowsStandalone target not found
Refreshing native plugins compatible for Editor in 0.45 ms, found 0 plugins.
Preloading 0 native plugins for Editor in 0.00 ms.
Invoked RoslynAnalysisRunner static constructor.
RoslynAnalysisRunner will not be running.
RoslynAnalysisRunner has terminated.
Mono: successfully reloaded assembly
- Completed reload, in  0.701 seconds
Platform modules already initialized, skipping
Shader 'Universal Render Pipeline/Particles/Lit': fallback shader 'Universal Render Pipeline/Particles/SimpleLit' not found
Refreshing native plugins compatible for Editor in 0.47 ms, found 0 plugins.
Preloading 0 native plugins for Editor in 0.00 ms.
Unloading 2512 Unused Serialized files (Serialized files now loaded: 0)
System memory in use before: 136.9 MB.
System memory in use after: 137.2 MB.

Unloading 11 unused Assets to reduce memory usage. Loaded Objects now: 3124.
Total: 2.053000 ms (FindLiveObjects: 0.227500 ms CreateObjectMapping: 0.062800 ms MarkObjects: 1.747100 ms  DeleteObjects: 0.014700 ms)

========================================================================
Received Prepare
Registering precompiled user dll's ...
Registered in 0.002944 seconds.
Begin MonoManager ReloadAssembly
Native extension for WindowsStandalone target not found
Refreshing native plugins compatible for Editor in 0.48 ms, found 0 plugins.
Preloading 0 native plugins for Editor in 0.00 ms.
Invoked RoslynAnalysisRunner static constructor.
RoslynAnalysisRunner will not be running.
RoslynAnalysisRunner has terminated.
Mono: successfully reloaded assembly
- Completed reload, in  0.699 seconds
Platform modules already initialized, skipping
Shader 'Universal Render Pipeline/Particles/Lit': fallback shader 'Universal Render Pipeline/Particles/SimpleLit' not found
Refreshing native plugins compatible for Editor in 0.51 ms, found 0 plugins.
Preloading 0 native plugins for Editor in 0.00 ms.
Unloading 2512 Unused Serialized files (Serialized files now loaded: 0)
System memory in use before: 137.0 MB.
System memory in use after: 137.2 MB.

Unloading 11 unused Assets to reduce memory usage. Loaded Objects now: 3126.
Total: 2.301200 ms (FindLiveObjects: 0.265400 ms CreateObjectMapping: 0.065100 ms MarkObjects: 1.950800 ms  DeleteObjects: 0.018800 ms)

========================================================================
Received Prepare
Registering precompiled user dll's ...
Registered in 0.003221 seconds.
Begin MonoManager ReloadAssembly
Native extension for WindowsStandalone target not found
Refreshing native plugins compatible for Editor in 0.46 ms, found 0 plugins.
Preloading 0 native plugins for Editor in 0.00 ms.
Invoked RoslynAnalysisRunner static constructor.
RoslynAnalysisRunner will not be running.
RoslynAnalysisRunner has terminated.
Mono: successfully reloaded assembly
- Completed reload, in  0.715 seconds
Platform modules already initialized, skipping
Shader 'Universal Render Pipeline/Particles/Lit': fallback shader 'Universal Render Pipeline/Particles/SimpleLit' not found
Refreshing native plugins compatible for Editor in 0.62 ms, found 0 plugins.
Preloading 0 native plugins for Editor in 0.00 ms.
Unloading 2512 Unused Serialized files (Serialized files now loaded: 0)
System memory in use before: 137.0 MB.
System memory in use after: 137.2 MB.

Unloading 11 unused Assets to reduce memory usage. Loaded Objects now: 3128.
Total: 2.092700 ms (FindLiveObjects: 0.274900 ms CreateObjectMapping: 0.073400 ms MarkObjects: 1.723500 ms  DeleteObjects: 0.019800 ms)

========================================================================
Received Prepare
Registering precompiled user dll's ...
Registered in 0.002928 seconds.
Begin MonoManager ReloadAssembly
Native extension for WindowsStandalone target not found
Refreshing native plugins compatible for Editor in 0.47 ms, found 0 plugins.
Preloading 0 native plugins for Editor in 0.00 ms.
Invoked RoslynAnalysisRunner static constructor.
RoslynAnalysisRunner will not be running.
RoslynAnalysisRunner has terminated.
Mono: successfully reloaded assembly
- Completed reload, in  0.711 seconds
Platform modules already initialized, skipping
Shader 'Universal Render Pipeline/Particles/Lit': fallback shader 'Universal Render Pipeline/Particles/SimpleLit' not found
Refreshing native plugins compatible for Editor in 0.50 ms, found 0 plugins.
Preloading 0 native plugins for Editor in 0.00 ms.
Unloading 2512 Unused Serialized files (Serialized files now loaded: 0)
System memory in use before: 137.0 MB.
System memory in use after: 137.3 MB.

Unloading 11 unused Assets to reduce memory usage. Loaded Objects now: 3130.
Total: 1.907900 ms (FindLiveObjects: 0.232000 ms CreateObjectMapping: 0.069900 ms MarkObjects: 1.590000 ms  DeleteObjects: 0.015100 ms)

========================================================================
Received Prepare
Registering precompiled user dll's ...
Registered in 0.002941 seconds.
Begin MonoManager ReloadAssembly
Native extension for WindowsStandalone target not found
Refreshing native plugins compatible for Editor in 0.48 ms, found 0 plugins.
Preloading 0 native plugins for Editor in 0.00 ms.
Invoked RoslynAnalysisRunner static constructor.
RoslynAnalysisRunner will not be running.
RoslynAnalysisRunner has terminated.
Mono: successfully reloaded assembly
- Completed reload, in  0.696 seconds
Platform modules already initialized, skipping
Shader 'Universal Render Pipeline/Particles/Lit': fallback shader 'Universal Render Pipeline/Particles/SimpleLit' not found
Refreshing native plugins compatible for Editor in 0.50 ms, found 0 plugins.
Preloading 0 native plugins for Editor in 0.00 ms.
Unloading 2512 Unused Serialized files (Serialized files now loaded: 0)
System memory in use before: 137.0 MB.
System memory in use after: 137.3 MB.

Unloading 11 unused Assets to reduce memory usage. Loaded Objects now: 3132.
Total: 1.982600 ms (FindLiveObjects: 0.269300 ms CreateObjectMapping: 0.066800 ms MarkObjects: 1.627900 ms  DeleteObjects: 0.017600 ms)

========================================================================
Received Import Request.
  Time since last request: 628.479058 seconds.
  path: ProjectSettings/TagManager.asset
  artifactKey: Guid(00000000000000003000000000000000) Importer(815301076,1909f56bfc062723c751e8b465ee728b)
Start importing ProjectSettings/TagManager.asset using Guid(00000000000000003000000000000000) Importer(815301076,1909f56bfc062723c751e8b465ee728b)  -> (artifact id: '7c4fb8481016aa60d09bcd7c1bbc0c3d') in 0.017585 seconds
  Import took 0.021400 seconds .

========================================================================
Received Import Request.
  Time since last request: 8.928843 seconds.
  path: Packages/com.unity.2d.sprite/Editor/ObjectMenuCreation/DefaultAssets/Textures/9-Sliced.png
  artifactKey: Guid(cc35afd292fc349128b36a291fb3a165) Importer(815301076,1909f56bfc062723c751e8b465ee728b)
Start importing Packages/com.unity.2d.sprite/Editor/ObjectMenuCreation/DefaultAssets/Textures/9-Sliced.png using Guid(cc35afd292fc349128b36a291fb3a165) Importer(815301076,1909f56bfc062723c751e8b465ee728b)  -> (artifact id: 'f6887dd60b13677de7fb73639966b614') in 0.045901 seconds
  Import took 0.049568 seconds .

========================================================================
Received Import Request.
  Time since last request: 0.000139 seconds.
  path: Packages/com.unity.2d.sprite/Editor/ObjectMenuCreation/DefaultAssets/Textures/CircleMask.png
  artifactKey: Guid(87aaca0a643d54397ba969dab4fc8875) Importer(815301076,1909f56bfc062723c751e8b465ee728b)
Start importing Packages/com.unity.2d.sprite/Editor/ObjectMenuCreation/DefaultAssets/Textures/CircleMask.png using Guid(87aaca0a643d54397ba969dab4fc8875) Importer(815301076,1909f56bfc062723c751e8b465ee728b)  -> (artifact id: '29b32da0633692c212bd7ba3a2997a1d') in 0.019901 seconds
  Import took 0.023369 seconds .

========================================================================
Received Import Request.
  Time since last request: 0.000164 seconds.
  path: Packages/com.unity.2d.sprite/Editor/ObjectMenuCreation/DefaultAssets/Textures/9-Sliced.png
  artifactKey: Guid(cc35afd292fc349128b36a291fb3a165) Importer(815301076,1909f56bfc062723c751e8b465ee728b)
Start importing Packages/com.unity.2d.sprite/Editor/ObjectMenuCreation/DefaultAssets/Textures/9-Sliced.png using Guid(cc35afd292fc349128b36a291fb3a165) Importer(815301076,1909f56bfc062723c751e8b465ee728b)  -> (artifact id: 'f6887dd60b13677de7fb73639966b614') in 0.008035 seconds
  Import took 0.011767 seconds .

========================================================================
Received Import Request.
  Time since last request: 0.000150 seconds.
  path: Packages/com.unity.2d.sprite/Editor/ObjectMenuCreation/DefaultAssets/Textures/Circle.png
  artifactKey: Guid(4adeaf2d2b1c7417e89f026626d8264f) Importer(815301076,1909f56bfc062723c751e8b465ee728b)
Start importing Packages/com.unity.2d.sprite/Editor/ObjectMenuCreation/DefaultAssets/Textures/Circle.png using Guid(4adeaf2d2b1c7417e89f026626d8264f) Importer(815301076,1909f56bfc062723c751e8b465ee728b)  -> (artifact id: '119dd4465dd483e7d38b8ea1cc912051') in 0.020392 seconds
  Import took 0.024056 seconds .

========================================================================
Received Import Request.
  Time since last request: 0.000170 seconds.
  path: Packages/com.unity.2d.sprite/Editor/ObjectMenuCreation/DefaultAssets/Textures/Capsule.png
  artifactKey: Guid(34587324d412940a79d530020c957dc0) Importer(815301076,1909f56bfc062723c751e8b465ee728b)
Start importing Packages/com.unity.2d.sprite/Editor/ObjectMenuCreation/DefaultAssets/Textures/Capsule.png using Guid(34587324d412940a79d530020c957dc0) Importer(815301076,1909f56bfc062723c751e8b465ee728b)  -> (artifact id: 'bf342e941e3361fe61013f2f24ad2cf2') in 0.021672 seconds
  Import took 0.025661 seconds .

========================================================================
Received Import Request.
  Time since last request: 7.574505 seconds.
  path: Assets/FOOD-CHAIN/ExitBlock.prefab
  artifactKey: Guid(a9fc3a98d7b8e97488ff8ca8edfcfd59) Importer(815301076,1909f56bfc062723c751e8b465ee728b)
Start importing Assets/FOOD-CHAIN/ExitBlock.prefab using Guid(a9fc3a98d7b8e97488ff8ca8edfcfd59) Importer(815301076,1909f56bfc062723c751e8b465ee728b)  -> (artifact id: '99a0b636b98010485113c4b4b506cb6b') in 0.012256 seconds
  Import took 0.015874 seconds .

========================================================================
Received Import Request.
  Time since last request: 0.000138 seconds.
  path: Assets/FOOD-CHAIN/TestEnemie.prefab
  artifactKey: Guid(d7158f373577cc548ad0f79d4707393f) Importer(815301076,1909f56bfc062723c751e8b465ee728b)
Start importing Assets/FOOD-CHAIN/TestEnemie.prefab using Guid(d7158f373577cc548ad0f79d4707393f) Importer(815301076,1909f56bfc062723c751e8b465ee728b)  -> (artifact id: '86b1e9748121e9514b4a07b6d1dfd380') in 0.114962 seconds
  Import took 0.118266 seconds .

========================================================================
Received Import Request.
  Time since last request: 0.000170 seconds.
  path: Assets/FOOD-CHAIN/Projectile.prefab
  artifactKey: Guid(b218766b3031aff498151cad3bd6d45e) Importer(815301076,1909f56bfc062723c751e8b465ee728b)
Start importing Assets/FOOD-CHAIN/Projectile.prefab using Guid(b218766b3031aff498151cad3bd6d45e) Importer(815301076,1909f56bfc062723c751e8b465ee728b)  -> (artifact id: 'cb9ec2bbeff92cfe50010b1bde4e2c70') in 0.013691 seconds
  Import took 0.018031 seconds .

========================================================================
Received Import Request.
  Time since last request: 0.000170 seconds.
  path: Assets/FOOD-CHAIN/SpawnBlock.prefab
  artifactKey: Guid(352acef3d87d0574caad7fc80d1c0048) Importer(815301076,1909f56bfc062723c751e8b465ee728b)
Start importing Assets/FOOD-CHAIN/SpawnBlock.prefab using Guid(352acef3d87d0574caad7fc80d1c0048) Importer(815301076,1909f56bfc062723c751e8b465ee728b)  -> (artifact id: '3f0d9a6cfe232e6941f4369a4e8ec77b') in 0.007803 seconds
  Import took 0.011286 seconds .

========================================================================
Received Import Request.
  Time since last request: 0.000698 seconds.
  path: Assets/FOOD-CHAIN/Projectile.prefab
  artifactKey: Guid(b218766b3031aff498151cad3bd6d45e) Importer(815301076,1909f56bfc062723c751e8b465ee728b)
Start importing Assets/FOOD-CHAIN/Projectile.prefab using Guid(b218766b3031aff498151cad3bd6d45e) Importer(815301076,1909f56bfc062723c751e8b465ee728b)  -> (artifact id: 'cb9ec2bbeff92cfe50010b1bde4e2c70') in 0.007454 seconds
  Import took 0.010746 seconds .

========================================================================
Received Prepare
Registering precompiled user dll's ...
Registered in 0.003023 seconds.
Begin MonoManager ReloadAssembly
Native extension for WindowsStandalone target not found
Refreshing native plugins compatible for Editor in 0.80 ms, found 0 plugins.
Preloading 0 native plugins for Editor in 0.00 ms.
Invoked RoslynAnalysisRunner static constructor.
RoslynAnalysisRunner will not be running.
RoslynAnalysisRunner has terminated.
Mono: successfully reloaded assembly
- Completed reload, in  0.787 seconds
Platform modules already initialized, skipping
Shader 'Universal Render Pipeline/Particles/Lit': fallback shader 'Universal Render Pipeline/Particles/SimpleLit' not found
Refreshing native plugins compatible for Editor in 0.53 ms, found 0 plugins.
Preloading 0 native plugins for Editor in 0.00 ms.
Unloading 2512 Unused Serialized files (Serialized files now loaded: 0)
System memory in use before: 139.2 MB.
System memory in use after: 139.4 MB.

Unloading 12 unused Assets to reduce memory usage. Loaded Objects now: 3180.
Total: 2.313300 ms (FindLiveObjects: 0.270000 ms CreateObjectMapping: 0.062500 ms MarkObjects: 1.960000 ms  DeleteObjects: 0.019500 ms)

========================================================================
Received Import Request.
  Time since last request: 28.063639 seconds.
  path: Assets/FOOD-CHAIN/Projectile.prefab
  artifactKey: Guid(b218766b3031aff498151cad3bd6d45e) Importer(815301076,1909f56bfc062723c751e8b465ee728b)
Start importing Assets/FOOD-CHAIN/Projectile.prefab using Guid(b218766b3031aff498151cad3bd6d45e) Importer(815301076,1909f56bfc062723c751e8b465ee728b)  -> (artifact id: 'd10d7803c6dc82c6bfb49b3f1fad014e') in 0.119834 seconds
  Import took 0.124451 seconds .

========================================================================
Received Import Request.
  Time since last request: 2.611901 seconds.
  path: Assets/FOOD-CHAIN/Projectile.prefab
  artifactKey: Guid(b218766b3031aff498151cad3bd6d45e) Importer(815301076,1909f56bfc062723c751e8b465ee728b)
Start importing Assets/FOOD-CHAIN/Projectile.prefab using Guid(b218766b3031aff498151cad3bd6d45e) Importer(815301076,1909f56bfc062723c751e8b465ee728b)  -> (artifact id: '72fd7f46745a7fbfb3d06a81ae426c28') in 0.007530 seconds
  Import took 0.011729 seconds .

========================================================================
Received Prepare
Registering precompiled user dll's ...
Registered in 0.003030 seconds.
Begin MonoManager ReloadAssembly
Native extension for WindowsStandalone target not found
Refreshing native plugins compatible for Editor in 0.50 ms, found 0 plugins.
Preloading 0 native plugins for Editor in 0.00 ms.
Invoked RoslynAnalysisRunner static constructor.
RoslynAnalysisRunner will not be running.
RoslynAnalysisRunner has terminated.
Mono: successfully reloaded assembly
- Completed reload, in  0.763 seconds
Platform modules already initialized, skipping
Shader 'Universal Render Pipeline/Particles/Lit': fallback shader 'Universal Render Pipeline/Particles/SimpleLit' not found
Refreshing native plugins compatible for Editor in 0.46 ms, found 0 plugins.
Preloading 0 native plugins for Editor in 0.00 ms.
Unloading 2512 Unused Serialized files (Serialized files now loaded: 0)
System memory in use before: 139.3 MB.
System memory in use after: 139.6 MB.

Unloading 11 unused Assets to reduce memory usage. Loaded Objects now: 3218.
Total: 2.076200 ms (FindLiveObjects: 0.349100 ms CreateObjectMapping: 0.072200 ms MarkObjects: 1.638100 ms  DeleteObjects: 0.015800 ms)

========================================================================
Received Prepare
Registering precompiled user dll's ...
Registered in 0.003043 seconds.
Begin MonoManager ReloadAssembly
Native extension for WindowsStandalone target not found
Refreshing native plugins compatible for Editor in 0.45 ms, found 0 plugins.
Preloading 0 native plugins for Editor in 0.00 ms.
Invoked RoslynAnalysisRunner static constructor.
RoslynAnalysisRunner will not be running.
RoslynAnalysisRunner has terminated.
Mono: successfully reloaded assembly
- Completed reload, in  0.729 seconds
Platform modules already initialized, skipping
Shader 'Universal Render Pipeline/Particles/Lit': fallback shader 'Universal Render Pipeline/Particles/SimpleLit' not found
Refreshing native plugins compatible for Editor in 0.53 ms, found 0 plugins.
Preloading 0 native plugins for Editor in 0.00 ms.
Unloading 2512 Unused Serialized files (Serialized files now loaded: 0)
System memory in use before: 139.3 MB.
System memory in use after: 139.6 MB.

Unloading 11 unused Assets to reduce memory usage. Loaded Objects now: 3220.
Total: 2.022200 ms (FindLiveObjects: 0.322600 ms CreateObjectMapping: 0.092900 ms MarkObjects: 1.589000 ms  DeleteObjects: 0.017000 ms)

========================================================================
Received Import Request.
  Time since last request: 95.729127 seconds.
  path: Assets/FOOD-CHAIN/Sprites/BlackAndWhiteCircle.png
  artifactKey: Guid(6a7a1e5c88743544ba4745ba70634a68) Importer(815301076,1909f56bfc062723c751e8b465ee728b)
Start importing Assets/FOOD-CHAIN/Sprites/BlackAndWhiteCircle.png using Guid(6a7a1e5c88743544ba4745ba70634a68) Importer(815301076,1909f56bfc062723c751e8b465ee728b)  -> (artifact id: 'cdd867443790a5e81473a26bc6c463ba') in 0.050597 seconds
  Import took 0.054938 seconds .

========================================================================
Received Import Request.
  Time since last request: 28.871549 seconds.
  path: Assets/FOOD-CHAIN/FlashEffect.prefab
  artifactKey: Guid(9f8cd533ab9294149bba8e4b8f47902b) Importer(815301076,1909f56bfc062723c751e8b465ee728b)
Start importing Assets/FOOD-CHAIN/FlashEffect.prefab using Guid(9f8cd533ab9294149bba8e4b8f47902b) Importer(815301076,1909f56bfc062723c751e8b465ee728b)  -> (artifact id: '040fe4856f4b793767c129b9a6af912c') in 0.102355 seconds
  Import took 0.106277 seconds .

========================================================================
Received Prepare
Registering precompiled user dll's ...
Registered in 0.003036 seconds.
Begin MonoManager ReloadAssembly
Native extension for WindowsStandalone target not found
Refreshing native plugins compatible for Editor in 0.52 ms, found 0 plugins.
Preloading 0 native plugins for Editor in 0.00 ms.
Invoked RoslynAnalysisRunner static constructor.
RoslynAnalysisRunner will not be running.
RoslynAnalysisRunner has terminated.
Mono: successfully reloaded assembly
- Completed reload, in  0.799 seconds
Platform modules already initialized, skipping
Shader 'Universal Render Pipeline/Particles/Lit': fallback shader 'Universal Render Pipeline/Particles/SimpleLit' not found
Refreshing native plugins compatible for Editor in 0.47 ms, found 0 plugins.
Preloading 0 native plugins for Editor in 0.00 ms.
Unloading 2513 Unused Serialized files (Serialized files now loaded: 0)
System memory in use before: 139.5 MB.
System memory in use after: 139.7 MB.

Unloading 11 unused Assets to reduce memory usage. Loaded Objects now: 3261.
Total: 2.366600 ms (FindLiveObjects: 0.393200 ms CreateObjectMapping: 0.078300 ms MarkObjects: 1.873700 ms  DeleteObjects: 0.020300 ms)

========================================================================
Received Prepare
Registering precompiled user dll's ...
Registered in 0.003097 seconds.
Begin MonoManager ReloadAssembly
Native extension for WindowsStandalone target not found
Refreshing native plugins compatible for Editor in 0.49 ms, found 0 plugins.
Preloading 0 native plugins for Editor in 0.00 ms.
Invoked RoslynAnalysisRunner static constructor.
RoslynAnalysisRunner will not be running.
RoslynAnalysisRunner has terminated.
Mono: successfully reloaded assembly
- Completed reload, in  0.739 seconds
Platform modules already initialized, skipping
Shader 'Universal Render Pipeline/Particles/Lit': fallback shader 'Universal Render Pipeline/Particles/SimpleLit' not found
Refreshing native plugins compatible for Editor in 0.47 ms, found 0 plugins.
Preloading 0 native plugins for Editor in 0.00 ms.
Unloading 2513 Unused Serialized files (Serialized files now loaded: 0)
System memory in use before: 139.5 MB.
System memory in use after: 139.7 MB.

Unloading 11 unused Assets to reduce memory usage. Loaded Objects now: 3263.
Total: 2.216100 ms (FindLiveObjects: 0.270100 ms CreateObjectMapping: 0.064000 ms MarkObjects: 1.860700 ms  DeleteObjects: 0.020600 ms)

========================================================================
Received Import Request.
  Time since last request: 72.445940 seconds.
  path: Assets/FOOD-CHAIN/FlashEffect.prefab
  artifactKey: Guid(9f8cd533ab9294149bba8e4b8f47902b) Importer(815301076,1909f56bfc062723c751e8b465ee728b)
Start importing Assets/FOOD-CHAIN/FlashEffect.prefab using Guid(9f8cd533ab9294149bba8e4b8f47902b) Importer(815301076,1909f56bfc062723c751e8b465ee728b)  -> (artifact id: '949ffc36c0d1700432ae05d0604f23dc') in 0.113301 seconds
  Import took 0.144219 seconds .

========================================================================
Received Import Request.
  Time since last request: 51.482871 seconds.
  path: Assets/FOOD-CHAIN/Animations/FlashEffect.controller
  artifactKey: Guid(51327680a31f03949aa1793677f20db2) Importer(815301076,1909f56bfc062723c751e8b465ee728b)
Start importing Assets/FOOD-CHAIN/Animations/FlashEffect.controller using Guid(51327680a31f03949aa1793677f20db2) Importer(815301076,1909f56bfc062723c751e8b465ee728b)  -> (artifact id: 'd785b2de23cfe40181bc08888286ea32') in 0.004881 seconds
  Import took 0.008762 seconds .

========================================================================
Received Import Request.
  Time since last request: 1.241867 seconds.
  path: Assets/FOOD-CHAIN/Animations/FlashEffect.anim
  artifactKey: Guid(f8339d5c7bc7c3f42af003786050ec4e) Importer(815301076,1909f56bfc062723c751e8b465ee728b)
Start importing Assets/FOOD-CHAIN/Animations/FlashEffect.anim using Guid(f8339d5c7bc7c3f42af003786050ec4e) Importer(815301076,1909f56bfc062723c751e8b465ee728b)  -> (artifact id: '81f84b854711bcb210c63cb281a4758b') in 0.007646 seconds
  Import took 0.011400 seconds .

========================================================================
Received Import Request.
  Time since last request: 44.761868 seconds.
  path: Assets/FOOD-CHAIN/Sprites/Bullet.png
  artifactKey: Guid(13aba4a0357ba6142b4025a6f2e5e91a) Importer(815301076,1909f56bfc062723c751e8b465ee728b)
Start importing Assets/FOOD-CHAIN/Sprites/Bullet.png using Guid(13aba4a0357ba6142b4025a6f2e5e91a) Importer(815301076,1909f56bfc062723c751e8b465ee728b)  -> (artifact id: '8d32cf3a075b2a5a2a95445f04f5b4e7') in 0.012812 seconds
  Import took 0.016964 seconds .

========================================================================
Received Import Request.
  Time since last request: 57.907979 seconds.
  path: Assets/FOOD-CHAIN/Sprites/Bullet.png
  artifactKey: Guid(13aba4a0357ba6142b4025a6f2e5e91a) Importer(815301076,1909f56bfc062723c751e8b465ee728b)
Start importing Assets/FOOD-CHAIN/Sprites/Bullet.png using Guid(13aba4a0357ba6142b4025a6f2e5e91a) Importer(815301076,1909f56bfc062723c751e8b465ee728b)  -> (artifact id: '84f1ae6a1bbcb53d511061972dee91da') in 0.010121 seconds
  Import took 0.014350 seconds .

========================================================================
Received Import Request.
  Time since last request: 21.934885 seconds.
  path: Assets/FOOD-CHAIN/Sprites/Bullet.png
  artifactKey: Guid(13aba4a0357ba6142b4025a6f2e5e91a) Importer(815301076,1909f56bfc062723c751e8b465ee728b)
Start importing Assets/FOOD-CHAIN/Sprites/Bullet.png using Guid(13aba4a0357ba6142b4025a6f2e5e91a) Importer(815301076,1909f56bfc062723c751e8b465ee728b)  -> (artifact id: 'd3786ab69a772cde3cc38656385d8223') in 0.017958 seconds
  Import took 0.021578 seconds .

========================================================================
Received Import Request.
  Time since last request: 33.287016 seconds.
  path: Assets/FOOD-CHAIN/FlashEffect.prefab
  artifactKey: Guid(9f8cd533ab9294149bba8e4b8f47902b) Importer(815301076,1909f56bfc062723c751e8b465ee728b)
Start importing Assets/FOOD-CHAIN/FlashEffect.prefab using Guid(9f8cd533ab9294149bba8e4b8f47902b) Importer(815301076,1909f56bfc062723c751e8b465ee728b) The Animator Controller (FlashEffect) you have used is not valid. Animations will not play
UnityEngine.StackTraceUtility:ExtractStackTrace ()
UnityEditor.EditorUtility:Internal_InstantiateRemoveAllNonAnimationComponentsSingle (UnityEngine.Object,UnityEngine.Vector3,UnityEngine.Quaternion)
UnityEditor.EditorUtility:InstantiateRemoveAllNonAnimationComponents (UnityEngine.Object,UnityEngine.Vector3,UnityEngine.Quaternion)
UnityEditor.EditorUtility:InstantiateForAnimatorPreview (UnityEngine.Object)
UnityEditor.GameObjectInspector/PreviewData:UpdateGameObject (UnityEngine.Object)
UnityEditor.GameObjectInspector/PreviewData:.ctor (UnityEngine.Object)
UnityEditor.GameObjectInspector:GetPreviewData ()
UnityEditor.GameObjectInspector:RenderStaticPreview (string,UnityEngine.Object[],int,int)
UnityEditor.AssetPreviewUpdater:CreatePreviewForAsset (UnityEngine.Object,UnityEngine.Object[],string)

[C:\buildslave\unity\build\Modules/Animation/Director/AnimatorControllerPlayable.cpp line 332]

The Animator Controller (FlashEffect) you have used is not valid. Animations will not play
UnityEngine.StackTraceUtility:ExtractStackTrace ()
UnityEditor.EditorUtility:InitInstantiatedPreviewRecursive (UnityEngine.GameObject)
UnityEditor.EditorUtility:InstantiateForAnimatorPreview (UnityEngine.Object)
UnityEditor.GameObjectInspector/PreviewData:UpdateGameObject (UnityEngine.Object)
UnityEditor.GameObjectInspector/PreviewData:.ctor (UnityEngine.Object)
UnityEditor.GameObjectInspector:GetPreviewData ()
UnityEditor.GameObjectInspector:RenderStaticPreview (string,UnityEngine.Object[],int,int)
UnityEditor.AssetPreviewUpdater:CreatePreviewForAsset (UnityEngine.Object,UnityEngine.Object[],string)

[C:\buildslave\unity\build\Modules/Animation/Director/AnimatorControllerPlayable.cpp line 332]

 -> (artifact id: '925c6e2bc5ecd9113a8ab1ba4cd1a96a') in 0.009165 seconds
  Import took 0.013680 seconds .

========================================================================
Received Import Request.
  Time since last request: 38.593142 seconds.
  path: Packages/com.unity.render-pipelines.core/Editor/LookDev/Icons/Camera1.png
  artifactKey: Guid(2384eb5de05269b44a58f8dd1d83d725) Importer(815301076,1909f56bfc062723c751e8b465ee728b)
Start importing Packages/com.unity.render-pipelines.core/Editor/LookDev/Icons/Camera1.png using Guid(2384eb5de05269b44a58f8dd1d83d725) Importer(815301076,1909f56bfc062723c751e8b465ee728b)  -> (artifact id: '6980f8879e5abac91dfd3597bb638891') in 0.021214 seconds
  Import took 0.025183 seconds .

========================================================================
Received Import Request.
  Time since last request: 0.000170 seconds.
  path: Packages/com.unity.render-pipelines.core/Editor/LookDev/Icons/d_CenterLight@2x.png
  artifactKey: Guid(a14e6ee680df42f4c99bf69bc3d6b9ca) Importer(815301076,1909f56bfc062723c751e8b465ee728b)
Start importing Packages/com.unity.render-pipelines.core/Editor/LookDev/Icons/d_CenterLight@2x.png using Guid(a14e6ee680df42f4c99bf69bc3d6b9ca) Importer(815301076,1909f56bfc062723c751e8b465ee728b)  -> (artifact id: 'f4d95d37347c8ec82d1f7cf4d97c7084') in 0.019866 seconds
  Import took 0.023588 seconds .

========================================================================
Received Import Request.
  Time since last request: 0.000166 seconds.
  path: Packages/com.unity.render-pipelines.core/Editor/LookDev/Icons/d_Camera1.png
  artifactKey: Guid(56c35c86bb44b0e4e84a22db56968157) Importer(815301076,1909f56bfc062723c751e8b465ee728b)
Start importing Packages/com.unity.render-pipelines.core/Editor/LookDev/Icons/d_Camera1.png using Guid(56c35c86bb44b0e4e84a22db56968157) Importer(815301076,1909f56bfc062723c751e8b465ee728b)  -> (artifact id: '65a13ca66dff16cf1e5d8b185c94ed28') in 0.020436 seconds
  Import took 0.023995 seconds .

========================================================================
Received Import Request.
  Time since last request: 0.000169 seconds.
  path: Packages/com.unity.render-pipelines.core/Editor/LookDev/Icons/d_Duplicate@2x.png
  artifactKey: Guid(8ca869dd944d5f54e9ec614b26f10dcb) Importer(815301076,1909f56bfc062723c751e8b465ee728b)
Start importing Packages/com.unity.render-pipelines.core/Editor/LookDev/Icons/d_Duplicate@2x.png using Guid(8ca869dd944d5f54e9ec614b26f10dcb) Importer(815301076,1909f56bfc062723c751e8b465ee728b)  -> (artifact id: 'bfb092c77652cc758506f6f205791111') in 0.018556 seconds
  Import took 0.022389 seconds .

========================================================================
Received Import Request.
  Time since last request: 0.000147 seconds.
  path: Packages/com.unity.render-pipelines.core/Editor/LookDev/Icons/d_Layout1.png
  artifactKey: Guid(da974c4d40533154a83d57ca90e34bb8) Importer(815301076,1909f56bfc062723c751e8b465ee728b)
Start importing Packages/com.unity.render-pipelines.core/Editor/LookDev/Icons/d_Layout1.png using Guid(da974c4d40533154a83d57ca90e34bb8) Importer(815301076,1909f56bfc062723c751e8b465ee728b)  -> (artifact id: '18b8ca0906afbe0aef47ac93d7b6848a') in 0.020159 seconds
  Import took 0.024135 seconds .

========================================================================
Received Import Request.
  Time since last request: 0.000200 seconds.
  path: Packages/com.unity.render-pipelines.core/Editor/LookDev/Icons/d_Camera1@2x.png
  artifactKey: Guid(603d01d730be24147adda7897e463598) Importer(815301076,1909f56bfc062723c751e8b465ee728b)
Start importing Packages/com.unity.render-pipelines.core/Editor/LookDev/Icons/d_Camera1@2x.png using Guid(603d01d730be24147adda7897e463598) Importer(815301076,1909f56bfc062723c751e8b465ee728b)  -> (artifact id: 'e70400807b6677ef35043ac075c399e9') in 0.019993 seconds
  Import took 0.024177 seconds .

========================================================================
Received Import Request.
  Time since last request: 0.000173 seconds.
  path: Packages/com.unity.render-pipelines.core/Editor/LookDev/Icons/d_Environment@2x.png
  artifactKey: Guid(a4638c6b8e07c0b49822ed7a91a96d0a) Importer(815301076,1909f56bfc062723c751e8b465ee728b)
Start importing Packages/com.unity.render-pipelines.core/Editor/LookDev/Icons/d_Environment@2x.png using Guid(a4638c6b8e07c0b49822ed7a91a96d0a) Importer(815301076,1909f56bfc062723c751e8b465ee728b)  -> (artifact id: '7ce360a84a9307db2ce6f3c4926d35d2') in 0.019246 seconds
  Import took 0.022996 seconds .

========================================================================
Received Import Request.
  Time since last request: 0.000185 seconds.
  path: Packages/com.unity.render-pipelines.core/Editor/LookDev/Icons/Camera1@2x.png
  artifactKey: Guid(52b3ad4181ffbec4cad6eb26d07127f6) Importer(815301076,1909f56bfc062723c751e8b465ee728b)
Start importing Packages/com.unity.render-pipelines.core/Editor/LookDev/Icons/Camera1@2x.png using Guid(52b3ad4181ffbec4cad6eb26d07127f6) Importer(815301076,1909f56bfc062723c751e8b465ee728b)  -> (artifact id: 'e7b581ea39772d483ca2768411856280') in 0.020937 seconds
  Import took 0.025291 seconds .

========================================================================
Received Import Request.
  Time since last request: 0.000165 seconds.
  path: Packages/com.unity.render-pipelines.core/Editor/LookDev/Icons/Camera2.png
  artifactKey: Guid(e89a31db98e403b40af1a8f0ef9ae1ef) Importer(815301076,1909f56bfc062723c751e8b465ee728b)
Start importing Packages/com.unity.render-pipelines.core/Editor/LookDev/Icons/Camera2.png using Guid(e89a31db98e403b40af1a8f0ef9ae1ef) Importer(815301076,1909f56bfc062723c751e8b465ee728b)  -> (artifact id: 'be4a01ad584db225cf0bd9178cce7c5b') in 0.019530 seconds
  Import took 0.022938 seconds .

========================================================================
Received Import Request.
  Time since last request: 0.000188 seconds.
  path: Packages/com.unity.render-pipelines.core/Editor/LookDev/Icons/CenterLight@2x.png
  artifactKey: Guid(8063050a249eef441beb8cbbd04c086c) Importer(815301076,1909f56bfc062723c751e8b465ee728b)
Start importing Packages/com.unity.render-pipelines.core/Editor/LookDev/Icons/CenterLight@2x.png using Guid(8063050a249eef441beb8cbbd04c086c) Importer(815301076,1909f56bfc062723c751e8b465ee728b)  -> (artifact id: 'ffdbfc437b3057aeb1599f2942793387') in 0.022326 seconds
  Import took 0.026674 seconds .

========================================================================
Received Import Request.
  Time since last request: 0.000144 seconds.
  path: Packages/com.unity.render-pipelines.core/Editor/LookDev/Icons/d_Environment.png
  artifactKey: Guid(98cefb354c00bc44cb31fffd52dc4650) Importer(815301076,1909f56bfc062723c751e8b465ee728b)
Start importing Packages/com.unity.render-pipelines.core/Editor/LookDev/Icons/d_Environment.png using Guid(98cefb354c00bc44cb31fffd52dc4650) Importer(815301076,1909f56bfc062723c751e8b465ee728b)  -> (artifact id: '35a2cc282ea29d7f724fc7ee0f262779') in 0.019684 seconds
  Import took 0.023747 seconds .

========================================================================
Received Import Request.
  Time since last request: 0.000179 seconds.
  path: Packages/com.unity.render-pipelines.core/Editor/LookDev/Icons/Camera1.png
  artifactKey: Guid(2384eb5de05269b44a58f8dd1d83d725) Importer(815301076,1909f56bfc062723c751e8b465ee728b)
Start importing Packages/com.unity.render-pipelines.core/Editor/LookDev/Icons/Camera1.png using Guid(2384eb5de05269b44a58f8dd1d83d725) Importer(815301076,1909f56bfc062723c751e8b465ee728b)  -> (artifact id: '6980f8879e5abac91dfd3597bb638891') in 0.006999 seconds
  Import took 0.010519 seconds .

========================================================================
Received Import Request.
  Time since last request: 0.000178 seconds.
  path: Packages/com.unity.render-pipelines.core/Editor/LookDev/Icons/Camera2@2x.png
  artifactKey: Guid(28f2917353630ce4fa307eeceadcd26d) Importer(815301076,1909f56bfc062723c751e8b465ee728b)
Start importing Packages/com.unity.render-pipelines.core/Editor/LookDev/Icons/Camera2@2x.png using Guid(28f2917353630ce4fa307eeceadcd26d) Importer(815301076,1909f56bfc062723c751e8b465ee728b)  -> (artifact id: 'b7f17e54d98d5ccf383322819e5ef60f') in 0.020237 seconds
  Import took 0.023673 seconds .

========================================================================
Received Import Request.
  Time since last request: 0.000203 seconds.
  path: Packages/com.unity.render-pipelines.core/Editor/LookDev/Icons/d_Add@2x.png
  artifactKey: Guid(daa49a1f06460a04b9827dd6f0bace08) Importer(815301076,1909f56bfc062723c751e8b465ee728b)
Start importing Packages/com.unity.render-pipelines.core/Editor/LookDev/Icons/d_Add@2x.png using Guid(daa49a1f06460a04b9827dd6f0bace08) Importer(815301076,1909f56bfc062723c751e8b465ee728b)  -> (artifact id: '3269a9d6f3bdb20f46b2dee60f0dbc51') in 0.022937 seconds
  Import took 0.027794 seconds .

========================================================================
Received Import Request.
  Time since last request: 0.000181 seconds.
  path: Packages/com.unity.render-pipelines.core/Editor/LookDev/Icons/CenterLight.png
  artifactKey: Guid(3092b2985cafe0b43b1f02ce1d6829d5) Importer(815301076,1909f56bfc062723c751e8b465ee728b)
Start importing Packages/com.unity.render-pipelines.core/Editor/LookDev/Icons/CenterLight.png using Guid(3092b2985cafe0b43b1f02ce1d6829d5) Importer(815301076,1909f56bfc062723c751e8b465ee728b)  -> (artifact id: 'bd11d7cf1dcd9259d1e4f93eba94c5e2') in 0.020252 seconds
  Import took 0.023974 seconds .

========================================================================
Received Import Request.
  Time since last request: 0.000166 seconds.
  path: Packages/com.unity.render-pipelines.core/Editor/LookDev/Icons/d_Camera2.png
  artifactKey: Guid(281160d54742cbb44a88a61bf8ccfb16) Importer(815301076,1909f56bfc062723c751e8b465ee728b)
Start importing Packages/com.unity.render-pipelines.core/Editor/LookDev/Icons/d_Camera2.png using Guid(281160d54742cbb44a88a61bf8ccfb16) Importer(815301076,1909f56bfc062723c751e8b465ee728b)  -> (artifact id: '63604af4031f2a51ad81ca57f82778df') in 0.019270 seconds
  Import took 0.022635 seconds .

========================================================================
Received Import Request.
  Time since last request: 0.000213 seconds.
  path: Packages/com.unity.render-pipelines.core/Editor/LookDev/Icons/d_Camera2@2x.png
  artifactKey: Guid(99d7e777338ab8f4ba890cc738794dba) Importer(815301076,1909f56bfc062723c751e8b465ee728b)
Start importing Packages/com.unity.render-pipelines.core/Editor/LookDev/Icons/d_Camera2@2x.png using Guid(99d7e777338ab8f4ba890cc738794dba) Importer(815301076,1909f56bfc062723c751e8b465ee728b)  -> (artifact id: '6bb47e879db18b6e63465a5af35f2031') in 0.020806 seconds
  Import took 0.024508 seconds .

========================================================================
Received Import Request.
  Time since last request: 0.000167 seconds.
  path: Packages/com.unity.render-pipelines.core/Editor/LookDev/Icons/d_CenterLight.png
  artifactKey: Guid(fca3bc21b4600e04faaddb69c5fad81e) Importer(815301076,1909f56bfc062723c751e8b465ee728b)
Start importing Packages/com.unity.render-pipelines.core/Editor/LookDev/Icons/d_CenterLight.png using Guid(fca3bc21b4600e04faaddb69c5fad81e) Importer(815301076,1909f56bfc062723c751e8b465ee728b)  -> (artifact id: '3fd51909d8bc8b1f4fb23485d7d44143') in 0.019890 seconds
  Import took 0.023353 seconds .

========================================================================
Received Import Request.
  Time since last request: 0.000188 seconds.
  path: Packages/com.unity.render-pipelines.core/Editor/LookDev/Icons/d_Duplicate.png
  artifactKey: Guid(0d692588b1d40e9429620400bd5efe63) Importer(815301076,1909f56bfc062723c751e8b465ee728b)
Start importing Packages/com.unity.render-pipelines.core/Editor/LookDev/Icons/d_Duplicate.png using Guid(0d692588b1d40e9429620400bd5efe63) Importer(815301076,1909f56bfc062723c751e8b465ee728b)  -> (artifact id: '5da2bdd286f196415a29132f55064f97') in 0.019758 seconds
  Import took 0.023525 seconds .

========================================================================
Received Import Request.
  Time since last request: 0.000157 seconds.
  path: Packages/com.unity.render-pipelines.core/Editor/LookDev/Icons/d_Add.png
  artifactKey: Guid(160b197aba549514286b94426ceae589) Importer(815301076,1909f56bfc062723c751e8b465ee728b)
Start importing Packages/com.unity.render-pipelines.core/Editor/LookDev/Icons/d_Add.png using Guid(160b197aba549514286b94426ceae589) Importer(815301076,1909f56bfc062723c751e8b465ee728b)  -> (artifact id: 'a7f9754f897fe9cc79dac5b031b53c90') in 0.019368 seconds
  Import took 0.023115 seconds .

========================================================================
Received Import Request.
  Time since last request: 0.554685 seconds.
  path: Packages/com.unity.render-pipelines.core/Editor/LookDev/Icons/Add.png
  artifactKey: Guid(cbaeed03e5416aa4bae23110b63a0c7d) Importer(815301076,1909f56bfc062723c751e8b465ee728b)
Start importing Packages/com.unity.render-pipelines.core/Editor/LookDev/Icons/Add.png using Guid(cbaeed03e5416aa4bae23110b63a0c7d) Importer(815301076,1909f56bfc062723c751e8b465ee728b)  -> (artifact id: '65a679e9cfa449289031be386b4c8d55') in 0.225764 seconds
  Import took 0.229921 seconds .

========================================================================
Received Import Request.
  Time since last request: 0.000156 seconds.
  path: Packages/com.unity.render-pipelines.core/Editor/Resources/Advanced_UnPressed_mini.png
  artifactKey: Guid(ad4dcac393f63f3468f6d9ff1652732e) Importer(815301076,1909f56bfc062723c751e8b465ee728b)
Start importing Packages/com.unity.render-pipelines.core/Editor/Resources/Advanced_UnPressed_mini.png using Guid(ad4dcac393f63f3468f6d9ff1652732e) Importer(815301076,1909f56bfc062723c751e8b465ee728b)  -> (artifact id: '476b469116e997417ba3e0c75e6a0731') in 0.024122 seconds
  Import took 0.028668 seconds .

========================================================================
Received Import Request.
  Time since last request: 0.000219 seconds.
  path: Packages/com.unity.render-pipelines.core/Editor/LookDev/Icons/Add@2x.png
  artifactKey: Guid(79aba0b290c471c4ba3d3f818d4e9b15) Importer(815301076,1909f56bfc062723c751e8b465ee728b)
Start importing Packages/com.unity.render-pipelines.core/Editor/LookDev/Icons/Add@2x.png using Guid(79aba0b290c471c4ba3d3f818d4e9b15) Importer(815301076,1909f56bfc062723c751e8b465ee728b)  -> (artifact id: '0ee9af9c8d3ca381ed410517658e7f88') in 0.020656 seconds
  Import took 0.025488 seconds .

========================================================================
Received Import Request.
  Time since last request: 0.000161 seconds.
  path: Packages/com.unity.render-pipelines.core/Editor/Resources/Advanced_Pressed_mini.png
  artifactKey: Guid(3e471b9fad7264146aa03aca58b27957) Importer(815301076,1909f56bfc062723c751e8b465ee728b)
Start importing Packages/com.unity.render-pipelines.core/Editor/Resources/Advanced_Pressed_mini.png using Guid(3e471b9fad7264146aa03aca58b27957) Importer(815301076,1909f56bfc062723c751e8b465ee728b)  -> (artifact id: '5472489940e6426b8ddbee9abf345382') in 0.019915 seconds
  Import took 0.024028 seconds .

========================================================================
Received Import Request.
  Time since last request: 61.099105 seconds.
  path: Assets/FOOD-CHAIN/MapBlocks/MapBlocks/Floor 1.prefab
  artifactKey: Guid(4dd2d96cd406235459b5afca1794a87d) Importer(815301076,1909f56bfc062723c751e8b465ee728b)
Start importing Assets/FOOD-CHAIN/MapBlocks/MapBlocks/Floor 1.prefab using Guid(4dd2d96cd406235459b5afca1794a87d) Importer(815301076,1909f56bfc062723c751e8b465ee728b)  -> (artifact id: '3ed99f44724449e04d9e13af067c1958') in 0.021435 seconds
  Import took 0.025318 seconds .

========================================================================
Received Import Request.
  Time since last request: 0.000145 seconds.
  path: Assets/FOOD-CHAIN/MapBlocks/MapBlocks/Wall 3.prefab
  artifactKey: Guid(4d997978f95ba1e4d8d3dd7b7f302d44) Importer(815301076,1909f56bfc062723c751e8b465ee728b)
Start importing Assets/FOOD-CHAIN/MapBlocks/MapBlocks/Wall 3.prefab using Guid(4d997978f95ba1e4d8d3dd7b7f302d44) Importer(815301076,1909f56bfc062723c751e8b465ee728b)  -> (artifact id: '326ab5828b67f56cd6111d7308dd6ec7') in 0.017155 seconds
  Import took 0.021154 seconds .

========================================================================
Received Import Request.
  Time since last request: 0.000168 seconds.
  path: Assets/FOOD-CHAIN/MapBlocks/MapBlocks/Wall 1.prefab
  artifactKey: Guid(3710fda046503bd43b39523523ffac68) Importer(815301076,1909f56bfc062723c751e8b465ee728b)
Start importing Assets/FOOD-CHAIN/MapBlocks/MapBlocks/Wall 1.prefab using Guid(3710fda046503bd43b39523523ffac68) Importer(815301076,1909f56bfc062723c751e8b465ee728b)  -> (artifact id: '39100041c236feba189a8721a01109f8') in 0.016464 seconds
  Import took 0.020949 seconds .

========================================================================
Received Import Request.
  Time since last request: 0.000163 seconds.
  path: Assets/FOOD-CHAIN/MapBlocks/MapBlocks/Floor 2.prefab
  artifactKey: Guid(d5628ca90b286f743a20f896779804a6) Importer(815301076,1909f56bfc062723c751e8b465ee728b)
Start importing Assets/FOOD-CHAIN/MapBlocks/MapBlocks/Floor 2.prefab using Guid(d5628ca90b286f743a20f896779804a6) Importer(815301076,1909f56bfc062723c751e8b465ee728b)  -> (artifact id: 'ef528bc065572356d57cf0d6fa87fcbd') in 0.017193 seconds
  Import took 0.020830 seconds .

========================================================================
Received Import Request.
  Time since last request: 0.000175 seconds.
  path: Assets/FOOD-CHAIN/MapBlocks/MapBlocks/Wall 2.prefab
  artifactKey: Guid(996fc8f1890c8e44692360a94b9997a9) Importer(815301076,1909f56bfc062723c751e8b465ee728b)
Start importing Assets/FOOD-CHAIN/MapBlocks/MapBlocks/Wall 2.prefab using Guid(996fc8f1890c8e44692360a94b9997a9) Importer(815301076,1909f56bfc062723c751e8b465ee728b)  -> (artifact id: '4dff86c0e295d82c3aad0111c32eda9a') in 0.016078 seconds
  Import took 0.020605 seconds .

========================================================================
Received Import Request.
  Time since last request: 0.000169 seconds.
  path: Assets/FOOD-CHAIN/MapBlocks/MapBlocks/Floor 3.prefab
  artifactKey: Guid(1a1dcb7af24a72645bc80ff5ee102a77) Importer(815301076,1909f56bfc062723c751e8b465ee728b)
Start importing Assets/FOOD-CHAIN/MapBlocks/MapBlocks/Floor 3.prefab using Guid(1a1dcb7af24a72645bc80ff5ee102a77) Importer(815301076,1909f56bfc062723c751e8b465ee728b)  -> (artifact id: 'a370d9e00fc71dd74813efa461981ac5') in 0.016901 seconds
  Import took 0.020800 seconds .

========================================================================
Received Prepare
Registering precompiled user dll's ...
Registered in 0.004302 seconds.
Begin MonoManager ReloadAssembly
Native extension for WindowsStandalone target not found
Refreshing native plugins compatible for Editor in 0.45 ms, found 0 plugins.
Preloading 0 native plugins for Editor in 0.00 ms.
Invoked RoslynAnalysisRunner static constructor.
RoslynAnalysisRunner will not be running.
RoslynAnalysisRunner has terminated.
Mono: successfully reloaded assembly
- Completed reload, in  0.735 seconds
Platform modules already initialized, skipping
Shader 'Universal Render Pipeline/Particles/Lit': fallback shader 'Universal Render Pipeline/Particles/SimpleLit' not found
Refreshing native plugins compatible for Editor in 0.45 ms, found 0 plugins.
Preloading 0 native plugins for Editor in 0.00 ms.
Unloading 2513 Unused Serialized files (Serialized files now loaded: 0)
System memory in use before: 139.7 MB.
System memory in use after: 139.9 MB.

Unloading 11 unused Assets to reduce memory usage. Loaded Objects now: 3305.
Total: 2.192700 ms (FindLiveObjects: 0.271300 ms CreateObjectMapping: 0.060400 ms MarkObjects: 1.842900 ms  DeleteObjects: 0.017400 ms)

========================================================================
Received Import Request.
  Time since last request: 121.990849 seconds.
  path: Assets/FOOD-CHAIN/Projectile.prefab
  artifactKey: Guid(b218766b3031aff498151cad3bd6d45e) Importer(815301076,1909f56bfc062723c751e8b465ee728b)
Start importing Assets/FOOD-CHAIN/Projectile.prefab using Guid(b218766b3031aff498151cad3bd6d45e) Importer(815301076,1909f56bfc062723c751e8b465ee728b)  -> (artifact id: '5a773a30295df7e6a9a225b848c0cead') in 0.127711 seconds
  Import took 0.134158 seconds .

========================================================================
Received Prepare
Registering precompiled user dll's ...
Registered in 0.002981 seconds.
Begin MonoManager ReloadAssembly
Native extension for WindowsStandalone target not found
Refreshing native plugins compatible for Editor in 0.46 ms, found 0 plugins.
Preloading 0 native plugins for Editor in 0.00 ms.
Invoked RoslynAnalysisRunner static constructor.
RoslynAnalysisRunner will not be running.
RoslynAnalysisRunner has terminated.
Mono: successfully reloaded assembly
- Completed reload, in  0.756 seconds
Platform modules already initialized, skipping
Shader 'Universal Render Pipeline/Particles/Lit': fallback shader 'Universal Render Pipeline/Particles/SimpleLit' not found
Refreshing native plugins compatible for Editor in 0.51 ms, found 0 plugins.
Preloading 0 native plugins for Editor in 0.00 ms.
Unloading 2514 Unused Serialized files (Serialized files now loaded: 0)
System memory in use before: 139.9 MB.
System memory in use after: 140.1 MB.

Unloading 11 unused Assets to reduce memory usage. Loaded Objects now: 3344.
Total: 2.475700 ms (FindLiveObjects: 0.251300 ms CreateObjectMapping: 0.064700 ms MarkObjects: 2.140300 ms  DeleteObjects: 0.018600 ms)

========================================================================
Received Prepare
Registering precompiled user dll's ...
Registered in 0.002948 seconds.
Begin MonoManager ReloadAssembly
Native extension for WindowsStandalone target not found
Refreshing native plugins compatible for Editor in 0.47 ms, found 0 plugins.
Preloading 0 native plugins for Editor in 0.00 ms.
Invoked RoslynAnalysisRunner static constructor.
RoslynAnalysisRunner will not be running.
RoslynAnalysisRunner has terminated.
Mono: successfully reloaded assembly
- Completed reload, in  0.732 seconds
Platform modules already initialized, skipping
Shader 'Universal Render Pipeline/Particles/Lit': fallback shader 'Universal Render Pipeline/Particles/SimpleLit' not found
Refreshing native plugins compatible for Editor in 0.50 ms, found 0 plugins.
Preloading 0 native plugins for Editor in 0.00 ms.
Unloading 2514 Unused Serialized files (Serialized files now loaded: 0)
System memory in use before: 139.9 MB.
System memory in use after: 140.1 MB.

Unloading 11 unused Assets to reduce memory usage. Loaded Objects now: 3346.
Total: 2.261700 ms (FindLiveObjects: 0.276200 ms CreateObjectMapping: 0.072200 ms MarkObjects: 1.895100 ms  DeleteObjects: 0.017200 ms)

========================================================================
Received Prepare
Registering precompiled user dll's ...
Registered in 0.002942 seconds.
Begin MonoManager ReloadAssembly
Native extension for WindowsStandalone target not found
Refreshing native plugins compatible for Editor in 0.46 ms, found 0 plugins.
Preloading 0 native plugins for Editor in 0.00 ms.
Invoked RoslynAnalysisRunner static constructor.
RoslynAnalysisRunner will not be running.
RoslynAnalysisRunner has terminated.
Mono: successfully reloaded assembly
- Completed reload, in  0.725 seconds
Platform modules already initialized, skipping
Shader 'Universal Render Pipeline/Particles/Lit': fallback shader 'Universal Render Pipeline/Particles/SimpleLit' not found
Refreshing native plugins compatible for Editor in 0.49 ms, found 0 plugins.
Preloading 0 native plugins for Editor in 0.00 ms.
Unloading 2514 Unused Serialized files (Serialized files now loaded: 0)
System memory in use before: 139.8 MB.
System memory in use after: 140.0 MB.

Unloading 11 unused Assets to reduce memory usage. Loaded Objects now: 3348.
Total: 2.103300 ms (FindLiveObjects: 0.318300 ms CreateObjectMapping: 0.069600 ms MarkObjects: 1.699600 ms  DeleteObjects: 0.014600 ms)

========================================================================
Received Prepare
Registering precompiled user dll's ...
Registered in 0.002946 seconds.
Begin MonoManager ReloadAssembly
Native extension for WindowsStandalone target not found
Refreshing native plugins compatible for Editor in 0.47 ms, found 0 plugins.
Preloading 0 native plugins for Editor in 0.00 ms.
Invoked RoslynAnalysisRunner static constructor.
RoslynAnalysisRunner will not be running.
RoslynAnalysisRunner has terminated.
Mono: successfully reloaded assembly
- Completed reload, in  0.734 seconds
Platform modules already initialized, skipping
Shader 'Universal Render Pipeline/Particles/Lit': fallback shader 'Universal Render Pipeline/Particles/SimpleLit' not found
Refreshing native plugins compatible for Editor in 0.46 ms, found 0 plugins.
Preloading 0 native plugins for Editor in 0.00 ms.
Unloading 2514 Unused Serialized files (Serialized files now loaded: 0)
System memory in use before: 139.9 MB.
System memory in use after: 140.1 MB.

Unloading 11 unused Assets to reduce memory usage. Loaded Objects now: 3350.
Total: 2.336600 ms (FindLiveObjects: 0.284500 ms CreateObjectMapping: 0.072100 ms MarkObjects: 1.960100 ms  DeleteObjects: 0.019200 ms)

========================================================================
Received Import Request.
  Time since last request: 440.248332 seconds.
  path: Assets/FOOD-CHAIN/TestEnemie.prefab
  artifactKey: Guid(d7158f373577cc548ad0f79d4707393f) Importer(815301076,1909f56bfc062723c751e8b465ee728b)
Start importing Assets/FOOD-CHAIN/TestEnemie.prefab using Guid(d7158f373577cc548ad0f79d4707393f) Importer(815301076,1909f56bfc062723c751e8b465ee728b)  -> (artifact id: 'ca474edc322962d63cfc9d547f8abb7c') in 0.114682 seconds
  Import took 0.119109 seconds .

========================================================================
Received Prepare
Registering precompiled user dll's ...
Registered in 0.002911 seconds.
Begin MonoManager ReloadAssembly
Native extension for WindowsStandalone target not found
Refreshing native plugins compatible for Editor in 0.46 ms, found 0 plugins.
Preloading 0 native plugins for Editor in 0.00 ms.
Invoked RoslynAnalysisRunner static constructor.
RoslynAnalysisRunner will not be running.
RoslynAnalysisRunner has terminated.
Mono: successfully reloaded assembly
- Completed reload, in  0.736 seconds
Platform modules already initialized, skipping
Shader 'Universal Render Pipeline/Particles/Lit': fallback shader 'Universal Render Pipeline/Particles/SimpleLit' not found
Refreshing native plugins compatible for Editor in 0.45 ms, found 0 plugins.
Preloading 0 native plugins for Editor in 0.00 ms.
Unloading 2514 Unused Serialized files (Serialized files now loaded: 0)
System memory in use before: 140.0 MB.
System memory in use after: 140.2 MB.

Unloading 11 unused Assets to reduce memory usage. Loaded Objects now: 3388.
Total: 2.397100 ms (FindLiveObjects: 0.295400 ms CreateObjectMapping: 0.074000 ms MarkObjects: 2.008300 ms  DeleteObjects: 0.018300 ms)

========================================================================
Received Import Request.
  Time since last request: 6.356915 seconds.
  path: Assets/FOOD-CHAIN/Projectile.prefab
  artifactKey: Guid(b218766b3031aff498151cad3bd6d45e) Importer(815301076,1909f56bfc062723c751e8b465ee728b)
Start importing Assets/FOOD-CHAIN/Projectile.prefab using Guid(b218766b3031aff498151cad3bd6d45e) Importer(815301076,1909f56bfc062723c751e8b465ee728b)  -> (artifact id: 'edb8f682fd7a44176f1f78d353fd8526') in 0.115107 seconds
  Import took 0.118932 seconds .

========================================================================
Received Import Request.
  Time since last request: 3.176804 seconds.
  path: Assets/FOOD-CHAIN/Projectile.prefab
  artifactKey: Guid(b218766b3031aff498151cad3bd6d45e) Importer(815301076,1909f56bfc062723c751e8b465ee728b)
Start importing Assets/FOOD-CHAIN/Projectile.prefab using Guid(b218766b3031aff498151cad3bd6d45e) Importer(815301076,1909f56bfc062723c751e8b465ee728b)  -> (artifact id: '5c5f8369b3cef1b8899a23698b6ab8d2') in 0.007133 seconds
  Import took 0.010823 seconds .

========================================================================
Received Import Request.
  Time since last request: 7.162750 seconds.
  path: Assets/FOOD-CHAIN/Projectile.prefab
  artifactKey: Guid(b218766b3031aff498151cad3bd6d45e) Importer(815301076,1909f56bfc062723c751e8b465ee728b)
Start importing Assets/FOOD-CHAIN/Projectile.prefab using Guid(b218766b3031aff498151cad3bd6d45e) Importer(815301076,1909f56bfc062723c751e8b465ee728b)  -> (artifact id: '5b2047faea3d069309cc6594ca7c1dc4') in 0.007906 seconds
  Import took 0.011675 seconds .

========================================================================
Received Prepare
Registering precompiled user dll's ...
Registered in 0.002959 seconds.
Begin MonoManager ReloadAssembly
Native extension for WindowsStandalone target not found
Refreshing native plugins compatible for Editor in 0.70 ms, found 0 plugins.
Preloading 0 native plugins for Editor in 0.00 ms.
Invoked RoslynAnalysisRunner static constructor.
RoslynAnalysisRunner will not be running.
RoslynAnalysisRunner has terminated.
Mono: successfully reloaded assembly
- Completed reload, in  0.750 seconds
Platform modules already initialized, skipping
Shader 'Universal Render Pipeline/Particles/Lit': fallback shader 'Universal Render Pipeline/Particles/SimpleLit' not found
Refreshing native plugins compatible for Editor in 0.50 ms, found 0 plugins.
Preloading 0 native plugins for Editor in 0.00 ms.
Unloading 2514 Unused Serialized files (Serialized files now loaded: 0)
System memory in use before: 140.1 MB.
System memory in use after: 140.3 MB.

Unloading 11 unused Assets to reduce memory usage. Loaded Objects now: 3426.
Total: 2.328700 ms (FindLiveObjects: 0.288400 ms CreateObjectMapping: 0.072700 ms MarkObjects: 1.948800 ms  DeleteObjects: 0.017900 ms)

========================================================================
Received Import Request.
  Time since last request: 44.310333 seconds.
  path: ProjectSettings/TagManager.asset
  artifactKey: Guid(00000000000000003000000000000000) Importer(815301076,1909f56bfc062723c751e8b465ee728b)
Start importing ProjectSettings/TagManager.asset using Guid(00000000000000003000000000000000) Importer(815301076,1909f56bfc062723c751e8b465ee728b)  -> (artifact id: '5da0be1a0a3333673908112ea494edce') in 0.015861 seconds
  Import took 0.019742 seconds .

========================================================================
Received Import Request.
  Time since last request: 6.509832 seconds.
  path: Assets/FOOD-CHAIN/TestEnemie.prefab
  artifactKey: Guid(d7158f373577cc548ad0f79d4707393f) Importer(815301076,1909f56bfc062723c751e8b465ee728b)
Start importing Assets/FOOD-CHAIN/TestEnemie.prefab using Guid(d7158f373577cc548ad0f79d4707393f) Importer(815301076,1909f56bfc062723c751e8b465ee728b)  -> (artifact id: '45da670ef6d61d4431bf7c59f4cc86a9') in 0.113554 seconds
  Import took 0.118611 seconds .

========================================================================
Received Prepare
Registering precompiled user dll's ...
Registered in 0.003081 seconds.
Begin MonoManager ReloadAssembly
Native extension for WindowsStandalone target not found
Refreshing native plugins compatible for Editor in 0.46 ms, found 0 plugins.
Preloading 0 native plugins for Editor in 0.00 ms.
Invoked RoslynAnalysisRunner static constructor.
RoslynAnalysisRunner will not be running.
RoslynAnalysisRunner has terminated.
Mono: successfully reloaded assembly
- Completed reload, in  0.736 seconds
Platform modules already initialized, skipping
Shader 'Universal Render Pipeline/Particles/Lit': fallback shader 'Universal Render Pipeline/Particles/SimpleLit' not found
Refreshing native plugins compatible for Editor in 0.48 ms, found 0 plugins.
Preloading 0 native plugins for Editor in 0.00 ms.
Unloading 2514 Unused Serialized files (Serialized files now loaded: 0)
System memory in use before: 140.2 MB.
System memory in use after: 140.5 MB.

Unloading 12 unused Assets to reduce memory usage. Loaded Objects now: 3464.
Total: 2.281100 ms (FindLiveObjects: 0.251800 ms CreateObjectMapping: 0.065600 ms MarkObjects: 1.943100 ms  DeleteObjects: 0.020000 ms)

========================================================================
Received Import Request.
  Time since last request: 121.175525 seconds.
  path: Assets/ObjectPooler.cs
  artifactKey: Guid(6e653d4e1be5cd9458f6b4ec00df0246) Importer(815301076,1909f56bfc062723c751e8b465ee728b)
Start importing Assets/ObjectPooler.cs using Guid(6e653d4e1be5cd9458f6b4ec00df0246) Importer(815301076,1909f56bfc062723c751e8b465ee728b)  -> (artifact id: 'ae419e8958eba35b732fc4a3f90024f0') in 0.014359 seconds
  Import took 0.018782 seconds .

========================================================================
Received Import Request.
  Time since last request: 0.001412 seconds.
  path: Assets/ObjectPooler.cs
  artifactKey: Guid(6e653d4e1be5cd9458f6b4ec00df0246) Importer(815301076,1909f56bfc062723c751e8b465ee728b)
Start importing Assets/ObjectPooler.cs using Guid(6e653d4e1be5cd9458f6b4ec00df0246) Importer(815301076,1909f56bfc062723c751e8b465ee728b)  -> (artifact id: 'ae419e8958eba35b732fc4a3f90024f0') in 0.002619 seconds
  Import took 0.005669 seconds .

========================================================================
Received Prepare
Registering precompiled user dll's ...
Registered in 0.002995 seconds.
Begin MonoManager ReloadAssembly
Native extension for WindowsStandalone target not found
Refreshing native plugins compatible for Editor in 0.46 ms, found 0 plugins.
Preloading 0 native plugins for Editor in 0.00 ms.
Invoked RoslynAnalysisRunner static constructor.
RoslynAnalysisRunner will not be running.
RoslynAnalysisRunner has terminated.
Mono: successfully reloaded assembly
- Completed reload, in  0.742 seconds
Platform modules already initialized, skipping
Shader 'Universal Render Pipeline/Particles/Lit': fallback shader 'Universal Render Pipeline/Particles/SimpleLit' not found
Refreshing native plugins compatible for Editor in 0.48 ms, found 0 plugins.
Preloading 0 native plugins for Editor in 0.00 ms.
Unloading 2514 Unused Serialized files (Serialized files now loaded: 0)
System memory in use before: 140.2 MB.
System memory in use after: 140.5 MB.

Unloading 11 unused Assets to reduce memory usage. Loaded Objects now: 3466.
Total: 2.440700 ms (FindLiveObjects: 0.314400 ms CreateObjectMapping: 0.078000 ms MarkObjects: 2.029400 ms  DeleteObjects: 0.018000 ms)

========================================================================
Received Import Request.
  Time since last request: 179.609558 seconds.
  path: Assets/ObjectPooler.cs
  artifactKey: Guid(6e653d4e1be5cd9458f6b4ec00df0246) Importer(815301076,1909f56bfc062723c751e8b465ee728b)
Start importing Assets/ObjectPooler.cs using Guid(6e653d4e1be5cd9458f6b4ec00df0246) Importer(815301076,1909f56bfc062723c751e8b465ee728b)  -> (artifact id: '02723e4d477cbcc835f7a746e479467c') in 0.005598 seconds
  Import took 0.009523 seconds .

========================================================================
Received Prepare
Registering precompiled user dll's ...
Registered in 0.002927 seconds.
Begin MonoManager ReloadAssembly
Native extension for WindowsStandalone target not found
Refreshing native plugins compatible for Editor in 0.45 ms, found 0 plugins.
Preloading 0 native plugins for Editor in 0.00 ms.
Invoked RoslynAnalysisRunner static constructor.
RoslynAnalysisRunner will not be running.
RoslynAnalysisRunner has terminated.
Mono: successfully reloaded assembly
- Completed reload, in  0.718 seconds
Platform modules already initialized, skipping
Shader 'Universal Render Pipeline/Particles/Lit': fallback shader 'Universal Render Pipeline/Particles/SimpleLit' not found
Refreshing native plugins compatible for Editor in 0.50 ms, found 0 plugins.
Preloading 0 native plugins for Editor in 0.00 ms.
Unloading 2514 Unused Serialized files (Serialized files now loaded: 0)
System memory in use before: 140.3 MB.
System memory in use after: 140.5 MB.

Unloading 11 unused Assets to reduce memory usage. Loaded Objects now: 3468.
Total: 2.389100 ms (FindLiveObjects: 0.276300 ms CreateObjectMapping: 0.076400 ms MarkObjects: 2.016700 ms  DeleteObjects: 0.019000 ms)

========================================================================
Received Prepare
Registering precompiled user dll's ...
Registered in 0.002969 seconds.
Begin MonoManager ReloadAssembly
Native extension for WindowsStandalone target not found
Refreshing native plugins compatible for Editor in 0.47 ms, found 0 plugins.
Preloading 0 native plugins for Editor in 0.00 ms.
Invoked RoslynAnalysisRunner static constructor.
RoslynAnalysisRunner will not be running.
RoslynAnalysisRunner has terminated.
Mono: successfully reloaded assembly
- Completed reload, in  0.735 seconds
Platform modules already initialized, skipping
Shader 'Universal Render Pipeline/Particles/Lit': fallback shader 'Universal Render Pipeline/Particles/SimpleLit' not found
Refreshing native plugins compatible for Editor in 0.48 ms, found 0 plugins.
Preloading 0 native plugins for Editor in 0.00 ms.
Unloading 2514 Unused Serialized files (Serialized files now loaded: 0)
System memory in use before: 140.3 MB.
System memory in use after: 140.5 MB.

Unloading 11 unused Assets to reduce memory usage. Loaded Objects now: 3470.
Total: 2.356100 ms (FindLiveObjects: 0.339000 ms CreateObjectMapping: 0.199600 ms MarkObjects: 1.793600 ms  DeleteObjects: 0.022700 ms)

========================================================================
Received Prepare
Registering precompiled user dll's ...
Registered in 0.002924 seconds.
Begin MonoManager ReloadAssembly
Native extension for WindowsStandalone target not found
Refreshing native plugins compatible for Editor in 0.51 ms, found 0 plugins.
Preloading 0 native plugins for Editor in 0.00 ms.
Invoked RoslynAnalysisRunner static constructor.
RoslynAnalysisRunner will not be running.
RoslynAnalysisRunner has terminated.
Mono: successfully reloaded assembly
- Completed reload, in  0.733 seconds
Platform modules already initialized, skipping
Shader 'Universal Render Pipeline/Particles/Lit': fallback shader 'Universal Render Pipeline/Particles/SimpleLit' not found
Refreshing native plugins compatible for Editor in 0.46 ms, found 0 plugins.
Preloading 0 native plugins for Editor in 0.00 ms.
Unloading 2514 Unused Serialized files (Serialized files now loaded: 0)
System memory in use before: 140.2 MB.
System memory in use after: 140.4 MB.

Unloading 11 unused Assets to reduce memory usage. Loaded Objects now: 3472.
Total: 2.201500 ms (FindLiveObjects: 0.308600 ms CreateObjectMapping: 0.071600 ms MarkObjects: 1.803800 ms  DeleteObjects: 0.016600 ms)

========================================================================
Received Prepare
Registering precompiled user dll's ...
Registered in 0.002950 seconds.
Begin MonoManager ReloadAssembly
Native extension for WindowsStandalone target not found
Refreshing native plugins compatible for Editor in 0.47 ms, found 0 plugins.
Preloading 0 native plugins for Editor in 0.00 ms.
Invoked RoslynAnalysisRunner static constructor.
RoslynAnalysisRunner will not be running.
RoslynAnalysisRunner has terminated.
Mono: successfully reloaded assembly
- Completed reload, in  0.751 seconds
Platform modules already initialized, skipping
Shader 'Universal Render Pipeline/Particles/Lit': fallback shader 'Universal Render Pipeline/Particles/SimpleLit' not found
Refreshing native plugins compatible for Editor in 0.46 ms, found 0 plugins.
Preloading 0 native plugins for Editor in 0.00 ms.
Unloading 2514 Unused Serialized files (Serialized files now loaded: 0)
System memory in use before: 140.4 MB.
System memory in use after: 140.6 MB.

Unloading 11 unused Assets to reduce memory usage. Loaded Objects now: 3474.
Total: 2.424400 ms (FindLiveObjects: 0.313300 ms CreateObjectMapping: 0.068300 ms MarkObjects: 2.021600 ms  DeleteObjects: 0.020200 ms)

========================================================================
Received Prepare
Registering precompiled user dll's ...
Registered in 0.002906 seconds.
Begin MonoManager ReloadAssembly
Native extension for WindowsStandalone target not found
Refreshing native plugins compatible for Editor in 0.47 ms, found 0 plugins.
Preloading 0 native plugins for Editor in 0.00 ms.
Invoked RoslynAnalysisRunner static constructor.
RoslynAnalysisRunner will not be running.
RoslynAnalysisRunner has terminated.
Mono: successfully reloaded assembly
- Completed reload, in  0.737 seconds
Platform modules already initialized, skipping
Shader 'Universal Render Pipeline/Particles/Lit': fallback shader 'Universal Render Pipeline/Particles/SimpleLit' not found
Refreshing native plugins compatible for Editor in 0.47 ms, found 0 plugins.
Preloading 0 native plugins for Editor in 0.00 ms.
Unloading 2514 Unused Serialized files (Serialized files now loaded: 0)
System memory in use before: 140.4 MB.
System memory in use after: 140.6 MB.

Unloading 11 unused Assets to reduce memory usage. Loaded Objects now: 3476.
Total: 2.570500 ms (FindLiveObjects: 0.445700 ms CreateObjectMapping: 0.089100 ms MarkObjects: 2.017200 ms  DeleteObjects: 0.017700 ms)

========================================================================
Received Import Request.
  Time since last request: 350.895530 seconds.
  path: Assets/FOOD-CHAIN/TestEnemie.prefab
  artifactKey: Guid(d7158f373577cc548ad0f79d4707393f) Importer(815301076,1909f56bfc062723c751e8b465ee728b)
Start importing Assets/FOOD-CHAIN/TestEnemie.prefab using Guid(d7158f373577cc548ad0f79d4707393f) Importer(815301076,1909f56bfc062723c751e8b465ee728b)  -> (artifact id: '2a07b5a2ded91e63b70c84a19b96a5a6') in 0.118980 seconds
  Import took 0.124255 seconds .

========================================================================
Received Import Request.
  Time since last request: 4.746490 seconds.
  path: Assets/FOOD-CHAIN/TestEnemie.prefab
  artifactKey: Guid(d7158f373577cc548ad0f79d4707393f) Importer(815301076,1909f56bfc062723c751e8b465ee728b)
Start importing Assets/FOOD-CHAIN/TestEnemie.prefab using Guid(d7158f373577cc548ad0f79d4707393f) Importer(815301076,1909f56bfc062723c751e8b465ee728b)  -> (artifact id: '735e769e458ba50bbce81645cd2cad37') in 0.007248 seconds
  Import took 0.010928 seconds .

========================================================================
Received Prepare
Registering precompiled user dll's ...
Registered in 0.002917 seconds.
Begin MonoManager ReloadAssembly
Native extension for WindowsStandalone target not found
Refreshing native plugins compatible for Editor in 0.47 ms, found 0 plugins.
Preloading 0 native plugins for Editor in 0.00 ms.
Invoked RoslynAnalysisRunner static constructor.
RoslynAnalysisRunner will not be running.
RoslynAnalysisRunner has terminated.
Mono: successfully reloaded assembly
- Completed reload, in  0.739 seconds
Platform modules already initialized, skipping
Shader 'Universal Render Pipeline/Particles/Lit': fallback shader 'Universal Render Pipeline/Particles/SimpleLit' not found
Refreshing native plugins compatible for Editor in 0.48 ms, found 0 plugins.
Preloading 0 native plugins for Editor in 0.00 ms.
Unloading 2514 Unused Serialized files (Serialized files now loaded: 0)
System memory in use before: 140.5 MB.
System memory in use after: 140.7 MB.

Unloading 11 unused Assets to reduce memory usage. Loaded Objects now: 3514.
Total: 2.394900 ms (FindLiveObjects: 0.279800 ms CreateObjectMapping: 0.064600 ms MarkObjects: 2.034400 ms  DeleteObjects: 0.015200 ms)

========================================================================
Received Import Request.
  Time since last request: 34.908351 seconds.
  path: Assets/FOOD-CHAIN/TestEnemie.prefab
  artifactKey: Guid(d7158f373577cc548ad0f79d4707393f) Importer(815301076,1909f56bfc062723c751e8b465ee728b)
Start importing Assets/FOOD-CHAIN/TestEnemie.prefab using Guid(d7158f373577cc548ad0f79d4707393f) Importer(815301076,1909f56bfc062723c751e8b465ee728b)  -> (artifact id: '0eb4e2ffd8ff10fcd3d74e6867109199') in 0.114110 seconds
  Import took 0.117893 seconds .

========================================================================
Received Import Request.
  Time since last request: 14.617255 seconds.
  path: Assets/FOOD-CHAIN/TestEnemie.prefab
  artifactKey: Guid(d7158f373577cc548ad0f79d4707393f) Importer(815301076,1909f56bfc062723c751e8b465ee728b)
Start importing Assets/FOOD-CHAIN/TestEnemie.prefab using Guid(d7158f373577cc548ad0f79d4707393f) Importer(815301076,1909f56bfc062723c751e8b465ee728b)  -> (artifact id: 'ce237e5eff510dae599f88555c7725c5') in 0.007541 seconds
  Import took 0.011261 seconds .

========================================================================
Received Prepare
Registering precompiled user dll's ...
Registered in 0.002979 seconds.
Begin MonoManager ReloadAssembly
Native extension for WindowsStandalone target not found
Refreshing native plugins compatible for Editor in 0.46 ms, found 0 plugins.
Preloading 0 native plugins for Editor in 0.00 ms.
Invoked RoslynAnalysisRunner static constructor.
RoslynAnalysisRunner will not be running.
RoslynAnalysisRunner has terminated.
Mono: successfully reloaded assembly
- Completed reload, in  0.759 seconds
Platform modules already initialized, skipping
Shader 'Universal Render Pipeline/Particles/Lit': fallback shader 'Universal Render Pipeline/Particles/SimpleLit' not found
Refreshing native plugins compatible for Editor in 0.49 ms, found 0 plugins.
Preloading 0 native plugins for Editor in 0.00 ms.
Unloading 2514 Unused Serialized files (Serialized files now loaded: 0)
System memory in use before: 140.6 MB.
System memory in use after: 140.8 MB.

Unloading 11 unused Assets to reduce memory usage. Loaded Objects now: 3552.
Total: 2.504800 ms (FindLiveObjects: 0.316100 ms CreateObjectMapping: 0.072200 ms MarkObjects: 2.095200 ms  DeleteObjects: 0.020500 ms)

========================================================================
Received Prepare
Registering precompiled user dll's ...
Registered in 0.002997 seconds.
Begin MonoManager ReloadAssembly
Native extension for WindowsStandalone target not found
Refreshing native plugins compatible for Editor in 0.47 ms, found 0 plugins.
Preloading 0 native plugins for Editor in 0.00 ms.
Invoked RoslynAnalysisRunner static constructor.
RoslynAnalysisRunner will not be running.
RoslynAnalysisRunner has terminated.
Mono: successfully reloaded assembly
- Completed reload, in  0.724 seconds
Platform modules already initialized, skipping
Shader 'Universal Render Pipeline/Particles/Lit': fallback shader 'Universal Render Pipeline/Particles/SimpleLit' not found
Refreshing native plugins compatible for Editor in 0.46 ms, found 0 plugins.
Preloading 0 native plugins for Editor in 0.00 ms.
Unloading 2514 Unused Serialized files (Serialized files now loaded: 0)
System memory in use before: 140.5 MB.
System memory in use after: 140.7 MB.

Unloading 11 unused Assets to reduce memory usage. Loaded Objects now: 3554.
Total: 2.246600 ms (FindLiveObjects: 0.325900 ms CreateObjectMapping: 0.079900 ms MarkObjects: 1.824800 ms  DeleteObjects: 0.015100 ms)

========================================================================
Received Prepare
Registering precompiled user dll's ...
Registered in 0.003215 seconds.
Begin MonoManager ReloadAssembly
Native extension for WindowsStandalone target not found
Refreshing native plugins compatible for Editor in 0.46 ms, found 0 plugins.
Preloading 0 native plugins for Editor in 0.00 ms.
Invoked RoslynAnalysisRunner static constructor.
RoslynAnalysisRunner will not be running.
RoslynAnalysisRunner has terminated.
Mono: successfully reloaded assembly
- Completed reload, in  0.733 seconds
Platform modules already initialized, skipping
Shader 'Universal Render Pipeline/Particles/Lit': fallback shader 'Universal Render Pipeline/Particles/SimpleLit' not found
Refreshing native plugins compatible for Editor in 0.47 ms, found 0 plugins.
Preloading 0 native plugins for Editor in 0.00 ms.
Unloading 2514 Unused Serialized files (Serialized files now loaded: 0)
System memory in use before: 140.6 MB.
System memory in use after: 140.8 MB.

Unloading 11 unused Assets to reduce memory usage. Loaded Objects now: 3556.
Total: 2.519100 ms (FindLiveObjects: 0.314900 ms CreateObjectMapping: 0.078700 ms MarkObjects: 2.103900 ms  DeleteObjects: 0.020700 ms)

========================================================================
Received Import Request.
  Time since last request: 198.290565 seconds.
  path: Assets/FOOD-CHAIN/TestEnemie.prefab
  artifactKey: Guid(d7158f373577cc548ad0f79d4707393f) Importer(815301076,1909f56bfc062723c751e8b465ee728b)
Start importing Assets/FOOD-CHAIN/TestEnemie.prefab using Guid(d7158f373577cc548ad0f79d4707393f) Importer(815301076,1909f56bfc062723c751e8b465ee728b)  -> (artifact id: '328a1ea6504ad96ccd40ae61b332d096') in 0.122275 seconds
  Import took 0.126630 seconds .

========================================================================
Received Prepare
Registering precompiled user dll's ...
Registered in 0.003243 seconds.
Begin MonoManager ReloadAssembly
Native extension for WindowsStandalone target not found
Refreshing native plugins compatible for Editor in 0.47 ms, found 0 plugins.
Preloading 0 native plugins for Editor in 0.00 ms.
Invoked RoslynAnalysisRunner static constructor.
RoslynAnalysisRunner will not be running.
RoslynAnalysisRunner has terminated.
Mono: successfully reloaded assembly
- Completed reload, in  0.765 seconds
Platform modules already initialized, skipping
Shader 'Universal Render Pipeline/Particles/Lit': fallback shader 'Universal Render Pipeline/Particles/SimpleLit' not found
Refreshing native plugins compatible for Editor in 0.46 ms, found 0 plugins.
Preloading 0 native plugins for Editor in 0.00 ms.
Unloading 2514 Unused Serialized files (Serialized files now loaded: 0)
System memory in use before: 140.7 MB.
System memory in use after: 140.9 MB.

Unloading 11 unused Assets to reduce memory usage. Loaded Objects now: 3594.
Total: 2.382300 ms (FindLiveObjects: 0.342500 ms CreateObjectMapping: 0.069300 ms MarkObjects: 1.950700 ms  DeleteObjects: 0.018900 ms)

========================================================================
Received Prepare
Registering precompiled user dll's ...
Registered in 0.003229 seconds.
Begin MonoManager ReloadAssembly
Native extension for WindowsStandalone target not found
Refreshing native plugins compatible for Editor in 0.46 ms, found 0 plugins.
Preloading 0 native plugins for Editor in 0.00 ms.
Invoked RoslynAnalysisRunner static constructor.
RoslynAnalysisRunner will not be running.
RoslynAnalysisRunner has terminated.
Mono: successfully reloaded assembly
- Completed reload, in  0.728 seconds
Platform modules already initialized, skipping
Shader 'Universal Render Pipeline/Particles/Lit': fallback shader 'Universal Render Pipeline/Particles/SimpleLit' not found
Refreshing native plugins compatible for Editor in 0.48 ms, found 0 plugins.
Preloading 0 native plugins for Editor in 0.00 ms.
Unloading 2514 Unused Serialized files (Serialized files now loaded: 0)
System memory in use before: 140.7 MB.
System memory in use after: 140.9 MB.

Unloading 11 unused Assets to reduce memory usage. Loaded Objects now: 3596.
Total: 2.473600 ms (FindLiveObjects: 0.290000 ms CreateObjectMapping: 0.068200 ms MarkObjects: 2.098300 ms  DeleteObjects: 0.016000 ms)

========================================================================
Received Prepare
Registering precompiled user dll's ...
Registered in 0.003805 seconds.
Begin MonoManager ReloadAssembly
Native extension for WindowsStandalone target not found
Refreshing native plugins compatible for Editor in 0.46 ms, found 0 plugins.
Preloading 0 native plugins for Editor in 0.00 ms.
Invoked RoslynAnalysisRunner static constructor.
RoslynAnalysisRunner will not be running.
RoslynAnalysisRunner has terminated.
Mono: successfully reloaded assembly
- Completed reload, in  0.742 seconds
Platform modules already initialized, skipping
Shader 'Universal Render Pipeline/Particles/Lit': fallback shader 'Universal Render Pipeline/Particles/SimpleLit' not found
Refreshing native plugins compatible for Editor in 0.48 ms, found 0 plugins.
Preloading 0 native plugins for Editor in 0.00 ms.
Unloading 2514 Unused Serialized files (Serialized files now loaded: 0)
System memory in use before: 140.7 MB.
System memory in use after: 140.9 MB.

Unloading 11 unused Assets to reduce memory usage. Loaded Objects now: 3598.
Total: 2.474700 ms (FindLiveObjects: 0.315500 ms CreateObjectMapping: 0.081800 ms MarkObjects: 2.059700 ms  DeleteObjects: 0.016700 ms)

========================================================================
Received Prepare
Registering precompiled user dll's ...
Registered in 0.002925 seconds.
Begin MonoManager ReloadAssembly
Native extension for WindowsStandalone target not found
Refreshing native plugins compatible for Editor in 0.46 ms, found 0 plugins.
Preloading 0 native plugins for Editor in 0.00 ms.
Invoked RoslynAnalysisRunner static constructor.
RoslynAnalysisRunner will not be running.
RoslynAnalysisRunner has terminated.
Mono: successfully reloaded assembly
- Completed reload, in  0.765 seconds
Platform modules already initialized, skipping
Shader 'Universal Render Pipeline/Particles/Lit': fallback shader 'Universal Render Pipeline/Particles/SimpleLit' not found
Refreshing native plugins compatible for Editor in 0.48 ms, found 0 plugins.
Preloading 0 native plugins for Editor in 0.00 ms.
Unloading 2514 Unused Serialized files (Serialized files now loaded: 0)
System memory in use before: 140.7 MB.
System memory in use after: 140.9 MB.

Unloading 11 unused Assets to reduce memory usage. Loaded Objects now: 3600.
Total: 2.768400 ms (FindLiveObjects: 0.304500 ms CreateObjectMapping: 0.076400 ms MarkObjects: 2.363100 ms  DeleteObjects: 0.023100 ms)

========================================================================
Received Prepare
Registering precompiled user dll's ...
Registered in 0.002950 seconds.
Begin MonoManager ReloadAssembly
Native extension for WindowsStandalone target not found
Refreshing native plugins compatible for Editor in 0.46 ms, found 0 plugins.
Preloading 0 native plugins for Editor in 0.00 ms.
Invoked RoslynAnalysisRunner static constructor.
RoslynAnalysisRunner will not be running.
RoslynAnalysisRunner has terminated.
Mono: successfully reloaded assembly
- Completed reload, in  0.733 seconds
Platform modules already initialized, skipping
Shader 'Universal Render Pipeline/Particles/Lit': fallback shader 'Universal Render Pipeline/Particles/SimpleLit' not found
Refreshing native plugins compatible for Editor in 0.46 ms, found 0 plugins.
Preloading 0 native plugins for Editor in 0.00 ms.
Unloading 2513 Unused Serialized files (Serialized files now loaded: 0)
System memory in use before: 140.7 MB.
System memory in use after: 140.9 MB.

Unloading 12 unused Assets to reduce memory usage. Loaded Objects now: 3601.
Total: 3.323300 ms (FindLiveObjects: 0.296300 ms CreateObjectMapping: 0.073200 ms MarkObjects: 2.925300 ms  DeleteObjects: 0.027300 ms)

========================================================================
Received Prepare
Registering precompiled user dll's ...
Registered in 0.003354 seconds.
Begin MonoManager ReloadAssembly
Native extension for WindowsStandalone target not found
Refreshing native plugins compatible for Editor in 0.53 ms, found 0 plugins.
Preloading 0 native plugins for Editor in 0.00 ms.
Invoked RoslynAnalysisRunner static constructor.
RoslynAnalysisRunner will not be running.
RoslynAnalysisRunner has terminated.
Mono: successfully reloaded assembly
- Completed reload, in  0.771 seconds
Platform modules already initialized, skipping
Shader 'Universal Render Pipeline/Particles/Lit': fallback shader 'Universal Render Pipeline/Particles/SimpleLit' not found
Refreshing native plugins compatible for Editor in 0.47 ms, found 0 plugins.
Preloading 0 native plugins for Editor in 0.00 ms.
Unloading 2513 Unused Serialized files (Serialized files now loaded: 0)
System memory in use before: 140.7 MB.
System memory in use after: 140.9 MB.

Unloading 11 unused Assets to reduce memory usage. Loaded Objects now: 3603.
Total: 2.738300 ms (FindLiveObjects: 0.355400 ms CreateObjectMapping: 0.074400 ms MarkObjects: 2.285800 ms  DeleteObjects: 0.021900 ms)

========================================================================
Received Import Request.
  Time since last request: 242.545774 seconds.
  path: Assets/FOOD-CHAIN/TestEnemie.prefab
  artifactKey: Guid(d7158f373577cc548ad0f79d4707393f) Importer(815301076,1909f56bfc062723c751e8b465ee728b)
Start importing Assets/FOOD-CHAIN/TestEnemie.prefab using Guid(d7158f373577cc548ad0f79d4707393f) Importer(815301076,1909f56bfc062723c751e8b465ee728b)  -> (artifact id: '3f0b5ad4740f0a42a0eb052f85b25087') in 0.116995 seconds
  Import took 0.121109 seconds .

========================================================================
Received Prepare
Registering precompiled user dll's ...
Registered in 0.003074 seconds.
Begin MonoManager ReloadAssembly
Native extension for WindowsStandalone target not found
Refreshing native plugins compatible for Editor in 0.74 ms, found 0 plugins.
Preloading 0 native plugins for Editor in 0.00 ms.
Invoked RoslynAnalysisRunner static constructor.
RoslynAnalysisRunner will not be running.
RoslynAnalysisRunner has terminated.
Mono: successfully reloaded assembly
- Completed reload, in  0.783 seconds
Platform modules already initialized, skipping
Shader 'Universal Render Pipeline/Particles/Lit': fallback shader 'Universal Render Pipeline/Particles/SimpleLit' not found
Refreshing native plugins compatible for Editor in 0.65 ms, found 0 plugins.
Preloading 0 native plugins for Editor in 0.00 ms.
Unloading 2513 Unused Serialized files (Serialized files now loaded: 0)
System memory in use before: 140.8 MB.
System memory in use after: 141.0 MB.

Unloading 11 unused Assets to reduce memory usage. Loaded Objects now: 3641.
Total: 2.549700 ms (FindLiveObjects: 0.363600 ms CreateObjectMapping: 0.203200 ms MarkObjects: 1.963500 ms  DeleteObjects: 0.018500 ms)

========================================================================
Received Prepare
Registering precompiled user dll's ...
Registered in 0.002958 seconds.
Begin MonoManager ReloadAssembly
Native extension for WindowsStandalone target not found
Refreshing native plugins compatible for Editor in 0.46 ms, found 0 plugins.
Preloading 0 native plugins for Editor in 0.00 ms.
Invoked RoslynAnalysisRunner static constructor.
RoslynAnalysisRunner will not be running.
RoslynAnalysisRunner has terminated.
Mono: successfully reloaded assembly
- Completed reload, in  0.735 seconds
Platform modules already initialized, skipping
Shader 'Universal Render Pipeline/Particles/Lit': fallback shader 'Universal Render Pipeline/Particles/SimpleLit' not found
Refreshing native plugins compatible for Editor in 0.47 ms, found 0 plugins.
Preloading 0 native plugins for Editor in 0.00 ms.
Unloading 2513 Unused Serialized files (Serialized files now loaded: 0)
System memory in use before: 140.8 MB.
System memory in use after: 141.0 MB.

Unloading 11 unused Assets to reduce memory usage. Loaded Objects now: 3643.
Total: 2.540500 ms (FindLiveObjects: 0.491600 ms CreateObjectMapping: 0.085400 ms MarkObjects: 1.944000 ms  DeleteObjects: 0.017700 ms)

========================================================================
Received Prepare
Registering precompiled user dll's ...
Registered in 0.002958 seconds.
Begin MonoManager ReloadAssembly
Native extension for WindowsStandalone target not found
Refreshing native plugins compatible for Editor in 0.51 ms, found 0 plugins.
Preloading 0 native plugins for Editor in 0.00 ms.
Invoked RoslynAnalysisRunner static constructor.
RoslynAnalysisRunner will not be running.
RoslynAnalysisRunner has terminated.
Mono: successfully reloaded assembly
- Completed reload, in  0.750 seconds
Platform modules already initialized, skipping
Shader 'Universal Render Pipeline/Particles/Lit': fallback shader 'Universal Render Pipeline/Particles/SimpleLit' not found
Refreshing native plugins compatible for Editor in 0.47 ms, found 0 plugins.
Preloading 0 native plugins for Editor in 0.00 ms.
Unloading 2513 Unused Serialized files (Serialized files now loaded: 0)
System memory in use before: 140.8 MB.
System memory in use after: 141.0 MB.

Unloading 11 unused Assets to reduce memory usage. Loaded Objects now: 3645.
Total: 2.682800 ms (FindLiveObjects: 0.397500 ms CreateObjectMapping: 0.069300 ms MarkObjects: 2.193400 ms  DeleteObjects: 0.021200 ms)

========================================================================
Received Prepare
Registering precompiled user dll's ...
Registered in 0.003318 seconds.
Begin MonoManager ReloadAssembly
Native extension for WindowsStandalone target not found
Refreshing native plugins compatible for Editor in 0.50 ms, found 0 plugins.
Preloading 0 native plugins for Editor in 0.00 ms.
Invoked RoslynAnalysisRunner static constructor.
RoslynAnalysisRunner will not be running.
RoslynAnalysisRunner has terminated.
Mono: successfully reloaded assembly
- Completed reload, in  0.781 seconds
Platform modules already initialized, skipping
Shader 'Universal Render Pipeline/Particles/Lit': fallback shader 'Universal Render Pipeline/Particles/SimpleLit' not found
Refreshing native plugins compatible for Editor in 0.47 ms, found 0 plugins.
Preloading 0 native plugins for Editor in 0.00 ms.
Unloading 2513 Unused Serialized files (Serialized files now loaded: 0)
System memory in use before: 140.7 MB.
System memory in use after: 140.9 MB.

Unloading 11 unused Assets to reduce memory usage. Loaded Objects now: 3647.
Total: 2.589500 ms (FindLiveObjects: 0.353400 ms CreateObjectMapping: 0.077500 ms MarkObjects: 2.138600 ms  DeleteObjects: 0.018200 ms)

AssetImportWorkerClient::OnTransportError - code=2 error=End of file
